[2.387s] Invoking command in '/home/paolo/ros2_ws/src/robot_vision': PYTHONPATH=/home/paolo/ros2_ws/build/robot_vision/prefix_override:/home/paolo/ros2_ws/install/robot_vision/lib/python3.10/site-packages:${PYTHONPATH} /usr/bin/python3 -W ignore:setup.py install is deprecated setup.py egg_info --egg-base ../../build/robot_vision build --build-base /home/paolo/ros2_ws/build/robot_vision/build install --record /home/paolo/ros2_ws/build/robot_vision/install.log --single-version-externally-managed install_data
[2.616s] running egg_info
[2.629s] writing ../../build/robot_vision/robot_vision.egg-info/PKG-INFO
[2.631s] writing dependency_links to ../../build/robot_vision/robot_vision.egg-info/dependency_links.txt
[2.631s] writing entry points to ../../build/robot_vision/robot_vision.egg-info/entry_points.txt
[2.631s] writing requirements to ../../build/robot_vision/robot_vision.egg-info/requires.txt
[2.632s] writing top-level names to ../../build/robot_vision/robot_vision.egg-info/top_level.txt
[2.650s] reading manifest file '../../build/robot_vision/robot_vision.egg-info/SOURCES.txt'
[2.651s] writing manifest file '../../build/robot_vision/robot_vision.egg-info/SOURCES.txt'
[2.651s] running build
[2.652s] running build_py
[2.652s] copying robot_vision/line_follower.py -> /home/paolo/ros2_ws/build/robot_vision/build/lib/robot_vision
[2.652s] copying robot_vision/__init__.py -> /home/paolo/ros2_ws/build/robot_vision/build/lib/robot_vision
[2.652s] copying robot_vision/line_follower_v3.py -> /home/paolo/ros2_ws/build/robot_vision/build/lib/robot_vision
[2.653s] copying robot_vision/line_follower_v2.py -> /home/paolo/ros2_ws/build/robot_vision/build/lib/robot_vision
[2.653s] copying robot_vision/submodules/line_class.py -> /home/paolo/ros2_ws/build/robot_vision/build/lib/robot_vision/submodules
[2.653s] copying robot_vision/submodules/__init__.py -> /home/paolo/ros2_ws/build/robot_vision/build/lib/robot_vision/submodules
[2.653s] copying robot_vision/submodules/functions.py -> /home/paolo/ros2_ws/build/robot_vision/build/lib/robot_vision/submodules
[2.653s] running install
[2.657s] running install_lib
[2.667s] running install_data
[2.667s] copying resource/robot_vision -> /home/paolo/ros2_ws/install/robot_vision/share/ament_index/resource_index/packages
[2.667s] copying package.xml -> /home/paolo/ros2_ws/install/robot_vision/share/robot_vision
[2.667s] running install_egg_info
[2.680s] removing '/home/paolo/ros2_ws/install/robot_vision/lib/python3.10/site-packages/robot_vision-0.0.0-py3.10.egg-info' (and everything under it)
[2.680s] Copying ../../build/robot_vision/robot_vision.egg-info to /home/paolo/ros2_ws/install/robot_vision/lib/python3.10/site-packages/robot_vision-0.0.0-py3.10.egg-info
[2.681s] running install_scripts
[2.770s] Installing line_follower script to /home/paolo/ros2_ws/install/robot_vision/lib/robot_vision
[2.771s] Installing line_follower_v2 script to /home/paolo/ros2_ws/install/robot_vision/lib/robot_vision
[2.771s] Installing line_follower_v3 script to /home/paolo/ros2_ws/install/robot_vision/lib/robot_vision
[2.771s] writing list of installed files to '/home/paolo/ros2_ws/build/robot_vision/install.log'
[2.816s] Invoked command in '/home/paolo/ros2_ws/src/robot_vision' returned '0': PYTHONPATH=/home/paolo/ros2_ws/build/robot_vision/prefix_override:/home/paolo/ros2_ws/install/robot_vision/lib/python3.10/site-packages:${PYTHONPATH} /usr/bin/python3 -W ignore:setup.py install is deprecated setup.py egg_info --egg-base ../../build/robot_vision build --build-base /home/paolo/ros2_ws/build/robot_vision/build install --record /home/paolo/ros2_ws/build/robot_vision/install.log --single-version-externally-managed install_data
