[0.125s] DEBUG:colcon:Command line arguments: ['/usr/bin/colcon', 'build']
[0.125s] DEBUG:colcon:Parsed command line arguments: Namespace(log_base=None, log_level=None, verb_name='build', build_base='build', install_base='install', merge_install=False, symlink_install=False, test_result_base=None, continue_on_error=False, executor='parallel', parallel_workers=20, event_handlers=None, ignore_user_meta=False, metas=['./colcon.meta'], base_paths=['.'], packages_ignore=None, packages_ignore_regex=None, paths=None, packages_up_to=None, packages_up_to_regex=None, packages_above=None, packages_above_and_dependencies=None, packages_above_depth=None, packages_select_by_dep=None, packages_skip_by_dep=None, packages_skip_up_to=None, packages_select_build_failed=False, packages_skip_build_finished=False, packages_select_test_failures=False, packages_skip_test_passed=False, packages_select=None, packages_skip=None, packages_select_regex=None, packages_skip_regex=None, packages_start=None, packages_end=None, allow_overriding=[], cmake_args=None, cmake_target=None, cmake_target_skip_unavailable=False, cmake_clean_cache=False, cmake_clean_first=False, cmake_force_configure=False, ament_cmake_args=None, catkin_cmake_args=None, catkin_skip_building_tests=False, mixin_files=None, mixin=None, verb_parser=<colcon_mixin.mixin.mixin_argument.MixinArgumentDecorator object at 0x704c0b441a50>, verb_extension=<colcon_core.verb.build.BuildVerb object at 0x704c0b441600>, main=<bound method BuildVerb.main of <colcon_core.verb.build.BuildVerb object at 0x704c0b441600>>, mixin_verb=('build',))
[0.200s] Level 1:colcon.colcon_core.package_discovery:discover_packages(colcon_meta) check parameters
[0.200s] Level 1:colcon.colcon_core.package_discovery:discover_packages(recursive) check parameters
[0.200s] Level 1:colcon.colcon_core.package_discovery:discover_packages(ignore) check parameters
[0.200s] Level 1:colcon.colcon_core.package_discovery:discover_packages(path) check parameters
[0.200s] Level 1:colcon.colcon_core.package_discovery:discover_packages(colcon_meta) discover
[0.200s] Level 1:colcon.colcon_core.package_discovery:discover_packages(recursive) discover
[0.200s] INFO:colcon.colcon_core.package_discovery:Crawling recursively for packages in '/home/paolo/ros2_ws'
[0.200s] Level 1:colcon.colcon_core.package_identification:_identify(.) by extensions ['ignore', 'ignore_ament_install']
[0.200s] Level 1:colcon.colcon_core.package_identification:_identify(.) by extension 'ignore'
[0.200s] Level 1:colcon.colcon_core.package_identification:_identify(.) by extension 'ignore_ament_install'
[0.200s] Level 1:colcon.colcon_core.package_identification:_identify(.) by extensions ['colcon_pkg']
[0.200s] Level 1:colcon.colcon_core.package_identification:_identify(.) by extension 'colcon_pkg'
[0.200s] Level 1:colcon.colcon_core.package_identification:_identify(.) by extensions ['colcon_meta']
[0.200s] Level 1:colcon.colcon_core.package_identification:_identify(.) by extension 'colcon_meta'
[0.200s] Level 1:colcon.colcon_core.package_identification:_identify(.) by extensions ['ros']
[0.200s] Level 1:colcon.colcon_core.package_identification:_identify(.) by extension 'ros'
[0.206s] Level 1:colcon.colcon_core.package_identification:_identify(.) by extensions ['cmake', 'python']
[0.206s] Level 1:colcon.colcon_core.package_identification:_identify(.) by extension 'cmake'
[0.206s] Level 1:colcon.colcon_core.package_identification:_identify(.) by extension 'python'
[0.206s] Level 1:colcon.colcon_core.package_identification:_identify(.) by extensions ['python_setup_py']
[0.206s] Level 1:colcon.colcon_core.package_identification:_identify(.) by extension 'python_setup_py'
[0.206s] Level 1:colcon.colcon_core.package_identification:_identify(build) by extensions ['ignore', 'ignore_ament_install']
[0.206s] Level 1:colcon.colcon_core.package_identification:_identify(build) by extension 'ignore'
[0.206s] Level 1:colcon.colcon_core.package_identification:_identify(build) ignored
[0.206s] Level 1:colcon.colcon_core.package_identification:_identify(install) by extensions ['ignore', 'ignore_ament_install']
[0.206s] Level 1:colcon.colcon_core.package_identification:_identify(install) by extension 'ignore'
[0.206s] Level 1:colcon.colcon_core.package_identification:_identify(install) ignored
[0.207s] Level 1:colcon.colcon_core.package_identification:_identify(log) by extensions ['ignore', 'ignore_ament_install']
[0.207s] Level 1:colcon.colcon_core.package_identification:_identify(log) by extension 'ignore'
[0.207s] Level 1:colcon.colcon_core.package_identification:_identify(log) ignored
[0.207s] Level 1:colcon.colcon_core.package_identification:_identify(src) by extensions ['ignore', 'ignore_ament_install']
[0.207s] Level 1:colcon.colcon_core.package_identification:_identify(src) by extension 'ignore'
[0.207s] Level 1:colcon.colcon_core.package_identification:_identify(src) by extension 'ignore_ament_install'
[0.207s] Level 1:colcon.colcon_core.package_identification:_identify(src) by extensions ['colcon_pkg']
[0.207s] Level 1:colcon.colcon_core.package_identification:_identify(src) by extension 'colcon_pkg'
[0.207s] Level 1:colcon.colcon_core.package_identification:_identify(src) by extensions ['colcon_meta']
[0.207s] Level 1:colcon.colcon_core.package_identification:_identify(src) by extension 'colcon_meta'
[0.207s] Level 1:colcon.colcon_core.package_identification:_identify(src) by extensions ['ros']
[0.207s] Level 1:colcon.colcon_core.package_identification:_identify(src) by extension 'ros'
[0.207s] Level 1:colcon.colcon_core.package_identification:_identify(src) by extensions ['cmake', 'python']
[0.207s] Level 1:colcon.colcon_core.package_identification:_identify(src) by extension 'cmake'
[0.207s] Level 1:colcon.colcon_core.package_identification:_identify(src) by extension 'python'
[0.207s] Level 1:colcon.colcon_core.package_identification:_identify(src) by extensions ['python_setup_py']
[0.207s] Level 1:colcon.colcon_core.package_identification:_identify(src) by extension 'python_setup_py'
[0.207s] Level 1:colcon.colcon_core.package_identification:_identify(src/line_follower) by extensions ['ignore', 'ignore_ament_install']
[0.207s] Level 1:colcon.colcon_core.package_identification:_identify(src/line_follower) by extension 'ignore'
[0.207s] Level 1:colcon.colcon_core.package_identification:_identify(src/line_follower) by extension 'ignore_ament_install'
[0.207s] Level 1:colcon.colcon_core.package_identification:_identify(src/line_follower) by extensions ['colcon_pkg']
[0.207s] Level 1:colcon.colcon_core.package_identification:_identify(src/line_follower) by extension 'colcon_pkg'
[0.207s] Level 1:colcon.colcon_core.package_identification:_identify(src/line_follower) by extensions ['colcon_meta']
[0.207s] Level 1:colcon.colcon_core.package_identification:_identify(src/line_follower) by extension 'colcon_meta'
[0.207s] Level 1:colcon.colcon_core.package_identification:_identify(src/line_follower) by extensions ['ros']
[0.207s] Level 1:colcon.colcon_core.package_identification:_identify(src/line_follower) by extension 'ros'
[0.208s] DEBUG:colcon.colcon_core.package_identification:Package 'src/line_follower' with type 'ros.ament_python' and name 'line_follower'
[0.208s] Level 1:colcon.colcon_core.package_identification:_identify(src/puzzlebot) by extensions ['ignore', 'ignore_ament_install']
[0.208s] Level 1:colcon.colcon_core.package_identification:_identify(src/puzzlebot) by extension 'ignore'
[0.208s] Level 1:colcon.colcon_core.package_identification:_identify(src/puzzlebot) by extension 'ignore_ament_install'
[0.208s] Level 1:colcon.colcon_core.package_identification:_identify(src/puzzlebot) by extensions ['colcon_pkg']
[0.209s] Level 1:colcon.colcon_core.package_identification:_identify(src/puzzlebot) by extension 'colcon_pkg'
[0.209s] Level 1:colcon.colcon_core.package_identification:_identify(src/puzzlebot) by extensions ['colcon_meta']
[0.209s] Level 1:colcon.colcon_core.package_identification:_identify(src/puzzlebot) by extension 'colcon_meta'
[0.209s] Level 1:colcon.colcon_core.package_identification:_identify(src/puzzlebot) by extensions ['ros']
[0.209s] Level 1:colcon.colcon_core.package_identification:_identify(src/puzzlebot) by extension 'ros'
[0.209s] DEBUG:colcon.colcon_core.package_identification:Package 'src/puzzlebot' with type 'ros.ament_python' and name 'puzzlebot'
[0.209s] Level 1:colcon.colcon_core.package_discovery:discover_packages(recursive) using defaults
[0.209s] Level 1:colcon.colcon_core.package_discovery:discover_packages(ignore) discover
[0.209s] Level 1:colcon.colcon_core.package_discovery:discover_packages(ignore) using defaults
[0.209s] Level 1:colcon.colcon_core.package_discovery:discover_packages(path) discover
[0.209s] Level 1:colcon.colcon_core.package_discovery:discover_packages(path) using defaults
[0.220s] Level 1:colcon.colcon_core.package_discovery:discover_packages(prefix_path) check parameters
[0.220s] Level 1:colcon.colcon_core.package_discovery:discover_packages(prefix_path) discover
[0.222s] DEBUG:colcon.colcon_installed_package_information.package_discovery:Found 1 installed packages in /home/paolo/ros2_ws/install
[0.223s] DEBUG:colcon.colcon_installed_package_information.package_discovery:Found 270 installed packages in /opt/ros/humble
[0.228s] Level 1:colcon.colcon_core.package_discovery:discover_packages(prefix_path) using defaults
[0.246s] Level 5:colcon.colcon_core.verb:set package 'line_follower' build argument 'cmake_args' from command line to 'None'
[0.246s] Level 5:colcon.colcon_core.verb:set package 'line_follower' build argument 'cmake_target' from command line to 'None'
[0.246s] Level 5:colcon.colcon_core.verb:set package 'line_follower' build argument 'cmake_target_skip_unavailable' from command line to 'False'
[0.246s] Level 5:colcon.colcon_core.verb:set package 'line_follower' build argument 'cmake_clean_cache' from command line to 'False'
[0.246s] Level 5:colcon.colcon_core.verb:set package 'line_follower' build argument 'cmake_clean_first' from command line to 'False'
[0.246s] Level 5:colcon.colcon_core.verb:set package 'line_follower' build argument 'cmake_force_configure' from command line to 'False'
[0.246s] Level 5:colcon.colcon_core.verb:set package 'line_follower' build argument 'ament_cmake_args' from command line to 'None'
[0.246s] Level 5:colcon.colcon_core.verb:set package 'line_follower' build argument 'catkin_cmake_args' from command line to 'None'
[0.246s] Level 5:colcon.colcon_core.verb:set package 'line_follower' build argument 'catkin_skip_building_tests' from command line to 'False'
[0.246s] DEBUG:colcon.colcon_core.verb:Building package 'line_follower' with the following arguments: {'ament_cmake_args': None, 'build_base': '/home/paolo/ros2_ws/build/line_follower', 'catkin_cmake_args': None, 'catkin_skip_building_tests': False, 'cmake_args': None, 'cmake_clean_cache': False, 'cmake_clean_first': False, 'cmake_force_configure': False, 'cmake_target': None, 'cmake_target_skip_unavailable': False, 'install_base': '/home/paolo/ros2_ws/install/line_follower', 'merge_install': False, 'path': '/home/paolo/ros2_ws/src/line_follower', 'symlink_install': False, 'test_result_base': None}
[0.247s] Level 5:colcon.colcon_core.verb:set package 'puzzlebot' build argument 'cmake_args' from command line to 'None'
[0.247s] Level 5:colcon.colcon_core.verb:set package 'puzzlebot' build argument 'cmake_target' from command line to 'None'
[0.247s] Level 5:colcon.colcon_core.verb:set package 'puzzlebot' build argument 'cmake_target_skip_unavailable' from command line to 'False'
[0.247s] Level 5:colcon.colcon_core.verb:set package 'puzzlebot' build argument 'cmake_clean_cache' from command line to 'False'
[0.247s] Level 5:colcon.colcon_core.verb:set package 'puzzlebot' build argument 'cmake_clean_first' from command line to 'False'
[0.247s] Level 5:colcon.colcon_core.verb:set package 'puzzlebot' build argument 'cmake_force_configure' from command line to 'False'
[0.247s] Level 5:colcon.colcon_core.verb:set package 'puzzlebot' build argument 'ament_cmake_args' from command line to 'None'
[0.247s] Level 5:colcon.colcon_core.verb:set package 'puzzlebot' build argument 'catkin_cmake_args' from command line to 'None'
[0.247s] Level 5:colcon.colcon_core.verb:set package 'puzzlebot' build argument 'catkin_skip_building_tests' from command line to 'False'
[0.247s] DEBUG:colcon.colcon_core.verb:Building package 'puzzlebot' with the following arguments: {'ament_cmake_args': None, 'build_base': '/home/paolo/ros2_ws/build/puzzlebot', 'catkin_cmake_args': None, 'catkin_skip_building_tests': False, 'cmake_args': None, 'cmake_clean_cache': False, 'cmake_clean_first': False, 'cmake_force_configure': False, 'cmake_target': None, 'cmake_target_skip_unavailable': False, 'install_base': '/home/paolo/ros2_ws/install/puzzlebot', 'merge_install': False, 'path': '/home/paolo/ros2_ws/src/puzzlebot', 'symlink_install': False, 'test_result_base': None}
[0.247s] INFO:colcon.colcon_core.executor:Executing jobs using 'parallel' executor
[0.247s] DEBUG:colcon.colcon_parallel_executor.executor.parallel:run_until_complete
[0.248s] INFO:colcon.colcon_ros.task.ament_python.build:Building ROS package in '/home/paolo/ros2_ws/src/line_follower' with build type 'ament_python'
[0.248s] Level 1:colcon.colcon_core.shell:create_environment_hook('line_follower', 'ament_prefix_path')
[0.250s] INFO:colcon.colcon_core.plugin_system:Skipping extension 'colcon_core.shell.bat': Not used on non-Windows systems
[0.251s] INFO:colcon.colcon_core.shell:Creating environment hook '/home/paolo/ros2_ws/install/line_follower/share/line_follower/hook/ament_prefix_path.ps1'
[0.251s] INFO:colcon.colcon_core.shell:Creating environment descriptor '/home/paolo/ros2_ws/install/line_follower/share/line_follower/hook/ament_prefix_path.dsv'
[0.252s] INFO:colcon.colcon_core.shell:Creating environment hook '/home/paolo/ros2_ws/install/line_follower/share/line_follower/hook/ament_prefix_path.sh'
[0.252s] INFO:colcon.colcon_core.shell:Skip shell extension 'powershell' for command environment: Not usable outside of PowerShell
[0.252s] DEBUG:colcon.colcon_core.shell:Skip shell extension 'dsv' for command environment
[0.254s] INFO:colcon.colcon_ros.task.ament_python.build:Building ROS package in '/home/paolo/ros2_ws/src/puzzlebot' with build type 'ament_python'
[0.254s] Level 1:colcon.colcon_core.shell:create_environment_hook('puzzlebot', 'ament_prefix_path')
[0.254s] INFO:colcon.colcon_core.shell:Creating environment hook '/home/paolo/ros2_ws/install/puzzlebot/share/puzzlebot/hook/ament_prefix_path.ps1'
[0.254s] INFO:colcon.colcon_core.shell:Creating environment descriptor '/home/paolo/ros2_ws/install/puzzlebot/share/puzzlebot/hook/ament_prefix_path.dsv'
[0.254s] INFO:colcon.colcon_core.shell:Creating environment hook '/home/paolo/ros2_ws/install/puzzlebot/share/puzzlebot/hook/ament_prefix_path.sh'
[0.255s] INFO:colcon.colcon_core.shell:Skip shell extension 'powershell' for command environment: Not usable outside of PowerShell
[0.255s] DEBUG:colcon.colcon_core.shell:Skip shell extension 'dsv' for command environment
[0.372s] INFO:colcon.colcon_core.task.python.build:Building Python package in '/home/paolo/ros2_ws/src/line_follower'
[0.372s] INFO:colcon.colcon_core.shell:Skip shell extension 'powershell' for command environment: Not usable outside of PowerShell
[0.372s] DEBUG:colcon.colcon_core.shell:Skip shell extension 'dsv' for command environment
[0.494s] INFO:colcon.colcon_core.task.python.build:Building Python package in '/home/paolo/ros2_ws/src/puzzlebot'
[0.494s] INFO:colcon.colcon_core.shell:Skip shell extension 'powershell' for command environment: Not usable outside of PowerShell
[0.494s] DEBUG:colcon.colcon_core.shell:Skip shell extension 'dsv' for command environment
[0.682s] DEBUG:colcon.colcon_core.event_handler.log_command:Invoking command in '/home/paolo/ros2_ws/src/puzzlebot': PYTHONPATH=/home/paolo/ros2_ws/build/puzzlebot/prefix_override:/home/paolo/ros2_ws/install/puzzlebot/lib/python3.10/site-packages:${PYTHONPATH} /usr/bin/python3 -W ignore:setup.py install is deprecated setup.py egg_info --egg-base ../../build/puzzlebot build --build-base /home/paolo/ros2_ws/build/puzzlebot/build install --record /home/paolo/ros2_ws/build/puzzlebot/install.log --single-version-externally-managed install_data
[0.683s] DEBUG:colcon.colcon_core.event_handler.log_command:Invoking command in '/home/paolo/ros2_ws/src/line_follower': PYTHONPATH=/home/paolo/ros2_ws/build/line_follower/prefix_override:/home/paolo/ros2_ws/install/line_follower/lib/python3.10/site-packages:${PYTHONPATH} /usr/bin/python3 -W ignore:setup.py install is deprecated setup.py egg_info --egg-base ../../build/line_follower build --build-base /home/paolo/ros2_ws/build/line_follower/build install --record /home/paolo/ros2_ws/build/line_follower/install.log --single-version-externally-managed install_data
[0.827s] DEBUG:colcon.colcon_core.event_handler.log_command:Invoked command in '/home/paolo/ros2_ws/src/line_follower' returned '0': PYTHONPATH=/home/paolo/ros2_ws/build/line_follower/prefix_override:/home/paolo/ros2_ws/install/line_follower/lib/python3.10/site-packages:${PYTHONPATH} /usr/bin/python3 -W ignore:setup.py install is deprecated setup.py egg_info --egg-base ../../build/line_follower build --build-base /home/paolo/ros2_ws/build/line_follower/build install --record /home/paolo/ros2_ws/build/line_follower/install.log --single-version-externally-managed install_data
[0.830s] Level 1:colcon.colcon_core.environment:checking '/home/paolo/ros2_ws/install/line_follower' for CMake module files
[0.831s] Level 1:colcon.colcon_core.environment:checking '/home/paolo/ros2_ws/install/line_follower' for CMake config files
[0.831s] Level 1:colcon.colcon_core.environment:checking '/home/paolo/ros2_ws/install/line_follower/lib'
[0.831s] Level 1:colcon.colcon_core.environment:checking '/home/paolo/ros2_ws/install/line_follower/bin'
[0.831s] Level 1:colcon.colcon_core.environment:checking '/home/paolo/ros2_ws/install/line_follower/lib/pkgconfig/line_follower.pc'
[0.831s] Level 1:colcon.colcon_core.environment:checking '/home/paolo/ros2_ws/install/line_follower/lib/python3.10/site-packages'
[0.831s] Level 1:colcon.colcon_core.shell:create_environment_hook('line_follower', 'pythonpath')
[0.831s] INFO:colcon.colcon_core.shell:Creating environment hook '/home/paolo/ros2_ws/install/line_follower/share/line_follower/hook/pythonpath.ps1'
[0.831s] INFO:colcon.colcon_core.shell:Creating environment descriptor '/home/paolo/ros2_ws/install/line_follower/share/line_follower/hook/pythonpath.dsv'
[0.832s] INFO:colcon.colcon_core.shell:Creating environment hook '/home/paolo/ros2_ws/install/line_follower/share/line_follower/hook/pythonpath.sh'
[0.832s] Level 1:colcon.colcon_core.environment:checking '/home/paolo/ros2_ws/install/line_follower/bin'
[0.832s] Level 1:colcon.colcon_core.environment:create_environment_scripts_only(line_follower)
[0.832s] INFO:colcon.colcon_core.shell:Creating package script '/home/paolo/ros2_ws/install/line_follower/share/line_follower/package.ps1'
[0.832s] INFO:colcon.colcon_core.shell:Creating package descriptor '/home/paolo/ros2_ws/install/line_follower/share/line_follower/package.dsv'
[0.833s] INFO:colcon.colcon_core.shell:Creating package script '/home/paolo/ros2_ws/install/line_follower/share/line_follower/package.sh'
[0.833s] INFO:colcon.colcon_core.shell:Creating package script '/home/paolo/ros2_ws/install/line_follower/share/line_follower/package.bash'
[0.834s] INFO:colcon.colcon_core.shell:Creating package script '/home/paolo/ros2_ws/install/line_follower/share/line_follower/package.zsh'
[0.835s] Level 1:colcon.colcon_core.environment:create_file_with_runtime_dependencies(/home/paolo/ros2_ws/install/line_follower/share/colcon-core/packages/line_follower)
[0.835s] Level 1:colcon.colcon_core.environment:checking '/home/paolo/ros2_ws/install/puzzlebot' for CMake module files
[0.835s] Level 1:colcon.colcon_core.environment:checking '/home/paolo/ros2_ws/install/puzzlebot' for CMake config files
[0.836s] DEBUG:colcon.colcon_core.event_handler.log_command:Invoked command in '/home/paolo/ros2_ws/src/puzzlebot' returned '0': PYTHONPATH=/home/paolo/ros2_ws/build/puzzlebot/prefix_override:/home/paolo/ros2_ws/install/puzzlebot/lib/python3.10/site-packages:${PYTHONPATH} /usr/bin/python3 -W ignore:setup.py install is deprecated setup.py egg_info --egg-base ../../build/puzzlebot build --build-base /home/paolo/ros2_ws/build/puzzlebot/build install --record /home/paolo/ros2_ws/build/puzzlebot/install.log --single-version-externally-managed install_data
[0.836s] Level 1:colcon.colcon_core.environment:checking '/home/paolo/ros2_ws/install/puzzlebot/lib'
[0.836s] Level 1:colcon.colcon_core.environment:checking '/home/paolo/ros2_ws/install/puzzlebot/bin'
[0.836s] Level 1:colcon.colcon_core.environment:checking '/home/paolo/ros2_ws/install/puzzlebot/lib/pkgconfig/puzzlebot.pc'
[0.836s] Level 1:colcon.colcon_core.environment:checking '/home/paolo/ros2_ws/install/puzzlebot/lib/python3.10/site-packages'
[0.836s] Level 1:colcon.colcon_core.shell:create_environment_hook('puzzlebot', 'pythonpath')
[0.836s] INFO:colcon.colcon_core.shell:Creating environment hook '/home/paolo/ros2_ws/install/puzzlebot/share/puzzlebot/hook/pythonpath.ps1'
[0.836s] INFO:colcon.colcon_core.shell:Creating environment descriptor '/home/paolo/ros2_ws/install/puzzlebot/share/puzzlebot/hook/pythonpath.dsv'
[0.837s] INFO:colcon.colcon_core.shell:Creating environment hook '/home/paolo/ros2_ws/install/puzzlebot/share/puzzlebot/hook/pythonpath.sh'
[0.837s] Level 1:colcon.colcon_core.environment:checking '/home/paolo/ros2_ws/install/puzzlebot/bin'
[0.837s] Level 1:colcon.colcon_core.environment:create_environment_scripts_only(puzzlebot)
[0.837s] INFO:colcon.colcon_core.shell:Creating package script '/home/paolo/ros2_ws/install/puzzlebot/share/puzzlebot/package.ps1'
[0.837s] INFO:colcon.colcon_core.shell:Creating package descriptor '/home/paolo/ros2_ws/install/puzzlebot/share/puzzlebot/package.dsv'
[0.837s] INFO:colcon.colcon_core.shell:Creating package script '/home/paolo/ros2_ws/install/puzzlebot/share/puzzlebot/package.sh'
[0.838s] INFO:colcon.colcon_core.shell:Creating package script '/home/paolo/ros2_ws/install/puzzlebot/share/puzzlebot/package.bash'
[0.838s] INFO:colcon.colcon_core.shell:Creating package script '/home/paolo/ros2_ws/install/puzzlebot/share/puzzlebot/package.zsh'
[0.838s] Level 1:colcon.colcon_core.environment:create_file_with_runtime_dependencies(/home/paolo/ros2_ws/install/puzzlebot/share/colcon-core/packages/puzzlebot)
[0.838s] DEBUG:colcon.colcon_parallel_executor.executor.parallel:closing loop
[0.838s] DEBUG:colcon.colcon_parallel_executor.executor.parallel:loop closed
[0.838s] DEBUG:colcon.colcon_parallel_executor.executor.parallel:run_until_complete finished with '0'
[0.838s] DEBUG:colcon.colcon_core.event_reactor:joining thread
[0.842s] INFO:colcon.colcon_core.plugin_system:Skipping extension 'colcon_notification.desktop_notification.terminal_notifier': Not used on non-Darwin systems
[0.842s] INFO:colcon.colcon_core.plugin_system:Skipping extension 'colcon_notification.desktop_notification.win32': Not used on non-Windows systems
[0.842s] INFO:colcon.colcon_notification.desktop_notification:Sending desktop notification using 'notify2'
[0.853s] DEBUG:colcon.colcon_core.event_reactor:joined thread
[0.853s] INFO:colcon.colcon_core.shell:Creating prefix script '/home/paolo/ros2_ws/install/local_setup.ps1'
[0.854s] INFO:colcon.colcon_core.shell:Creating prefix util module '/home/paolo/ros2_ws/install/_local_setup_util_ps1.py'
[0.855s] INFO:colcon.colcon_core.shell:Creating prefix chain script '/home/paolo/ros2_ws/install/setup.ps1'
[0.856s] INFO:colcon.colcon_core.shell:Creating prefix script '/home/paolo/ros2_ws/install/local_setup.sh'
[0.856s] INFO:colcon.colcon_core.shell:Creating prefix util module '/home/paolo/ros2_ws/install/_local_setup_util_sh.py'
[0.857s] INFO:colcon.colcon_core.shell:Creating prefix chain script '/home/paolo/ros2_ws/install/setup.sh'
[0.857s] INFO:colcon.colcon_core.shell:Creating prefix script '/home/paolo/ros2_ws/install/local_setup.bash'
[0.858s] INFO:colcon.colcon_core.shell:Creating prefix chain script '/home/paolo/ros2_ws/install/setup.bash'
[0.858s] INFO:colcon.colcon_core.shell:Creating prefix script '/home/paolo/ros2_ws/install/local_setup.zsh'
[0.859s] INFO:colcon.colcon_core.shell:Creating prefix chain script '/home/paolo/ros2_ws/install/setup.zsh'
