[2.437s] Invoking command in '/home/paolo/ros2_ws/src/line_follower': PYTHONPATH=/home/paolo/ros2_ws/build/line_follower/prefix_override:/home/paolo/ros2_ws/install/line_follower/lib/python3.10/site-packages:${PYTHONPATH} /usr/bin/python3 -W ignore:setup.py install is deprecated setup.py egg_info --egg-base ../../build/line_follower build --build-base /home/paolo/ros2_ws/build/line_follower/build install --record /home/paolo/ros2_ws/build/line_follower/install.log --single-version-externally-managed install_data
[2.650s] running egg_info
[2.664s] writing ../../build/line_follower/line_follower.egg-info/PKG-INFO
[2.664s] writing dependency_links to ../../build/line_follower/line_follower.egg-info/dependency_links.txt
[2.664s] writing entry points to ../../build/line_follower/line_follower.egg-info/entry_points.txt
[2.665s] writing requirements to ../../build/line_follower/line_follower.egg-info/requires.txt
[2.665s] writing top-level names to ../../build/line_follower/line_follower.egg-info/top_level.txt
[2.685s] reading manifest file '../../build/line_follower/line_follower.egg-info/SOURCES.txt'
[2.686s] writing manifest file '../../build/line_follower/line_follower.egg-info/SOURCES.txt'
[2.686s] running build
[2.686s] running build_py
[2.686s] copying line_follower/traffic_light_identification.py -> /home/paolo/ros2_ws/build/line_follower/build/lib/line_follower
[2.686s] copying line_follower/line_follower.py -> /home/paolo/ros2_ws/build/line_follower/build/lib/line_follower
[2.686s] running install
[2.690s] running install_lib
[2.701s] running install_data
[2.701s] copying launch/line_follower_launch.py -> /home/paolo/ros2_ws/install/line_follower/share/line_follower/launch
[2.701s] copying config/traffic_lights.yaml -> /home/paolo/ros2_ws/install/line_follower/share/line_follower/config
[2.702s] running install_egg_info
[2.716s] removing '/home/paolo/ros2_ws/install/line_follower/lib/python3.10/site-packages/line_follower-0.0.0-py3.10.egg-info' (and everything under it)
[2.716s] Copying ../../build/line_follower/line_follower.egg-info to /home/paolo/ros2_ws/install/line_follower/lib/python3.10/site-packages/line_follower-0.0.0-py3.10.egg-info
[2.717s] running install_scripts
[2.816s] Installing line_follower script to /home/paolo/ros2_ws/install/line_follower/lib/line_follower
[2.817s] Installing traffic_light_identification script to /home/paolo/ros2_ws/install/line_follower/lib/line_follower
[2.817s] writing list of installed files to '/home/paolo/ros2_ws/build/line_follower/install.log'
[2.864s] Invoked command in '/home/paolo/ros2_ws/src/line_follower' returned '0': PYTHONPATH=/home/paolo/ros2_ws/build/line_follower/prefix_override:/home/paolo/ros2_ws/install/line_follower/lib/python3.10/site-packages:${PYTHONPATH} /usr/bin/python3 -W ignore:setup.py install is deprecated setup.py egg_info --egg-base ../../build/line_follower build --build-base /home/paolo/ros2_ws/build/line_follower/build install --record /home/paolo/ros2_ws/build/line_follower/install.log --single-version-externally-managed install_data
