[0.648s] Invoking command in '/home/paolo/ros2_ws/src/puzzlebot': PYTHONPATH=/home/paolo/ros2_ws/build/puzzlebot/prefix_override:/home/paolo/ros2_ws/install/puzzlebot/lib/python3.10/site-packages:${PYTHONPATH} /usr/bin/python3 -W ignore:setup.py install is deprecated setup.py egg_info --egg-base ../../build/puzzlebot build --build-base /home/paolo/ros2_ws/build/puzzlebot/build install --record /home/paolo/ros2_ws/build/puzzlebot/install.log --single-version-externally-managed install_data
[0.798s] running egg_info
[0.798s] creating ../../build/puzzlebot/puzzlebot.egg-info
[0.806s] writing ../../build/puzzlebot/puzzlebot.egg-info/PKG-INFO
[0.806s] writing dependency_links to ../../build/puzzlebot/puzzlebot.egg-info/dependency_links.txt
[0.806s] writing entry points to ../../build/puzzlebot/puzzlebot.egg-info/entry_points.txt
[0.806s] writing requirements to ../../build/puzzlebot/puzzlebot.egg-info/requires.txt
[0.806s] writing top-level names to ../../build/puzzlebot/puzzlebot.egg-info/top_level.txt
[0.806s] writing manifest file '../../build/puzzlebot/puzzlebot.egg-info/SOURCES.txt'
[0.821s] reading manifest file '../../build/puzzlebot/puzzlebot.egg-info/SOURCES.txt'
[0.822s] adding license file 'LICENSE'
[0.822s] writing manifest file '../../build/puzzlebot/puzzlebot.egg-info/SOURCES.txt'
[0.822s] running build
[0.822s] running build_py
[0.822s] creating /home/paolo/ros2_ws/build/puzzlebot/build
[0.822s] creating /home/paolo/ros2_ws/build/puzzlebot/build/lib
[0.823s] creating /home/paolo/ros2_ws/build/puzzlebot/build/lib/puzzlebot
[0.823s] copying puzzlebot/__init__.py -> /home/paolo/ros2_ws/build/puzzlebot/build/lib/puzzlebot
[0.823s] copying puzzlebot/hard_switch_control.py -> /home/paolo/ros2_ws/build/puzzlebot/build/lib/puzzlebot
[0.823s] running install
[0.826s] running install_lib
[0.833s] creating /home/paolo/ros2_ws/install/puzzlebot/lib/python3.10/site-packages/puzzlebot
[0.833s] copying /home/paolo/ros2_ws/build/puzzlebot/build/lib/puzzlebot/__init__.py -> /home/paolo/ros2_ws/install/puzzlebot/lib/python3.10/site-packages/puzzlebot
[0.834s] copying /home/paolo/ros2_ws/build/puzzlebot/build/lib/puzzlebot/hard_switch_control.py -> /home/paolo/ros2_ws/install/puzzlebot/lib/python3.10/site-packages/puzzlebot
[0.834s] byte-compiling /home/paolo/ros2_ws/install/puzzlebot/lib/python3.10/site-packages/puzzlebot/__init__.py to __init__.cpython-310.pyc
[0.834s] byte-compiling /home/paolo/ros2_ws/install/puzzlebot/lib/python3.10/site-packages/puzzlebot/hard_switch_control.py to hard_switch_control.cpython-310.pyc
[0.834s] running install_data
[0.834s] creating /home/paolo/ros2_ws/install/puzzlebot/share/ament_index
[0.835s] creating /home/paolo/ros2_ws/install/puzzlebot/share/ament_index/resource_index
[0.835s] creating /home/paolo/ros2_ws/install/puzzlebot/share/ament_index/resource_index/packages
[0.835s] copying resource/puzzlebot -> /home/paolo/ros2_ws/install/puzzlebot/share/ament_index/resource_index/packages
[0.835s] copying package.xml -> /home/paolo/ros2_ws/install/puzzlebot/share/puzzlebot
[0.835s] creating /home/paolo/ros2_ws/install/puzzlebot/share/puzzlebot/launch
[0.835s] creating /home/paolo/ros2_ws/install/puzzlebot/share/puzzlebot/meshes
[0.835s] creating /home/paolo/ros2_ws/install/puzzlebot/share/puzzlebot/urdf
[0.835s] running install_egg_info
[0.843s] Copying ../../build/puzzlebot/puzzlebot.egg-info to /home/paolo/ros2_ws/install/puzzlebot/lib/python3.10/site-packages/puzzlebot-0.0.0-py3.10.egg-info
[0.843s] running install_scripts
[0.922s] Installing hard_switch_control script to /home/paolo/ros2_ws/install/puzzlebot/lib/puzzlebot
[0.922s] writing list of installed files to '/home/paolo/ros2_ws/build/puzzlebot/install.log'
[0.943s] Invoked command in '/home/paolo/ros2_ws/src/puzzlebot' returned '0': PYTHONPATH=/home/paolo/ros2_ws/build/puzzlebot/prefix_override:/home/paolo/ros2_ws/install/puzzlebot/lib/python3.10/site-packages:${PYTHONPATH} /usr/bin/python3 -W ignore:setup.py install is deprecated setup.py egg_info --egg-base ../../build/puzzlebot build --build-base /home/paolo/ros2_ws/build/puzzlebot/build install --record /home/paolo/ros2_ws/build/puzzlebot/install.log --single-version-externally-managed install_data
