[2.775s] Invoking command in '/home/paolo/ros2_ws/src/line_follower': PYTHONPATH=/home/paolo/ros2_ws/build/line_follower/prefix_override:/home/paolo/ros2_ws/install/line_follower/lib/python3.10/site-packages:${PYTHONPATH} /usr/bin/python3 -W ignore:setup.py install is deprecated setup.py egg_info --egg-base ../../build/line_follower build --build-base /home/paolo/ros2_ws/build/line_follower/build install --record /home/paolo/ros2_ws/build/line_follower/install.log --single-version-externally-managed install_data
[3.238s] running egg_info
[3.264s] writing ../../build/line_follower/line_follower.egg-info/PKG-INFO
[3.265s] writing dependency_links to ../../build/line_follower/line_follower.egg-info/dependency_links.txt
[3.265s] writing entry points to ../../build/line_follower/line_follower.egg-info/entry_points.txt
[3.266s] writing requirements to ../../build/line_follower/line_follower.egg-info/requires.txt
[3.266s] writing top-level names to ../../build/line_follower/line_follower.egg-info/top_level.txt
[3.317s] reading manifest file '../../build/line_follower/line_follower.egg-info/SOURCES.txt'
[3.318s] writing manifest file '../../build/line_follower/line_follower.egg-info/SOURCES.txt'
[3.319s] running build
[3.319s] running build_py
[3.319s] copying line_follower/traffic_light_identification.py -> /home/paolo/ros2_ws/build/line_follower/build/lib/line_follower
[3.320s] copying line_follower/line_follower.py -> /home/paolo/ros2_ws/build/line_follower/build/lib/line_follower
[3.322s] running install
[3.332s] running install_lib
[3.362s] running install_data
[3.362s] copying launch/line_follower_launch.py -> /home/paolo/ros2_ws/install/line_follower/share/line_follower/launch
[3.362s] copying config/traffic_lights.yaml -> /home/paolo/ros2_ws/install/line_follower/share/line_follower/config
[3.363s] running install_egg_info
[3.394s] removing '/home/paolo/ros2_ws/install/line_follower/lib/python3.10/site-packages/line_follower-0.0.0-py3.10.egg-info' (and everything under it)
[3.394s] Copying ../../build/line_follower/line_follower.egg-info to /home/paolo/ros2_ws/install/line_follower/lib/python3.10/site-packages/line_follower-0.0.0-py3.10.egg-info
[3.395s] running install_scripts
[3.625s] Installing line_follower script to /home/paolo/ros2_ws/install/line_follower/lib/line_follower
[3.625s] Installing traffic_light_identification script to /home/paolo/ros2_ws/install/line_follower/lib/line_follower
[3.626s] writing list of installed files to '/home/paolo/ros2_ws/build/line_follower/install.log'
[3.742s] Invoked command in '/home/paolo/ros2_ws/src/line_follower' returned '0': PYTHONPATH=/home/paolo/ros2_ws/build/line_follower/prefix_override:/home/paolo/ros2_ws/install/line_follower/lib/python3.10/site-packages:${PYTHONPATH} /usr/bin/python3 -W ignore:setup.py install is deprecated setup.py egg_info --egg-base ../../build/line_follower build --build-base /home/paolo/ros2_ws/build/line_follower/build install --record /home/paolo/ros2_ws/build/line_follower/install.log --single-version-externally-managed install_data
