[1.505s] Invoking command in '/home/paolo/ros2_ws/src/robot_vision': PYTHONPATH=/home/paolo/ros2_ws/build/robot_vision/prefix_override:/home/paolo/ros2_ws/install/robot_vision/lib/python3.10/site-packages:${PYTHONPATH} /usr/bin/python3 -W ignore:setup.py install is deprecated setup.py egg_info --egg-base ../../build/robot_vision build --build-base /home/paolo/ros2_ws/build/robot_vision/build install --record /home/paolo/ros2_ws/build/robot_vision/install.log --single-version-externally-managed install_data
[1.736s] running egg_info
[1.750s] writing ../../build/robot_vision/robot_vision.egg-info/PKG-INFO
[1.750s] writing dependency_links to ../../build/robot_vision/robot_vision.egg-info/dependency_links.txt
[1.750s] writing entry points to ../../build/robot_vision/robot_vision.egg-info/entry_points.txt
[1.750s] writing requirements to ../../build/robot_vision/robot_vision.egg-info/requires.txt
[1.750s] writing top-level names to ../../build/robot_vision/robot_vision.egg-info/top_level.txt
[1.773s] reading manifest file '../../build/robot_vision/robot_vision.egg-info/SOURCES.txt'
[1.776s] writing manifest file '../../build/robot_vision/robot_vision.egg-info/SOURCES.txt'
[1.776s] running build
[1.777s] running build_py
[1.777s] copying robot_vision/line_follower.py -> /home/paolo/ros2_ws/build/robot_vision/build/lib/robot_vision
[1.777s] copying robot_vision/__init__.py -> /home/paolo/ros2_ws/build/robot_vision/build/lib/robot_vision
[1.777s] copying robot_vision/line_follower_v3.py -> /home/paolo/ros2_ws/build/robot_vision/build/lib/robot_vision
[1.778s] copying robot_vision/line_follower_v2.py -> /home/paolo/ros2_ws/build/robot_vision/build/lib/robot_vision
[1.778s] copying robot_vision/submodules/line_class.py -> /home/paolo/ros2_ws/build/robot_vision/build/lib/robot_vision/submodules
[1.778s] copying robot_vision/submodules/__init__.py -> /home/paolo/ros2_ws/build/robot_vision/build/lib/robot_vision/submodules
[1.779s] copying robot_vision/submodules/functions.py -> /home/paolo/ros2_ws/build/robot_vision/build/lib/robot_vision/submodules
[1.779s] running install
[1.786s] running install_lib
[1.800s] running install_data
[1.801s] copying resource/robot_vision -> /home/paolo/ros2_ws/install/robot_vision/share/ament_index/resource_index/packages
[1.801s] copying package.xml -> /home/paolo/ros2_ws/install/robot_vision/share/robot_vision
[1.801s] running install_egg_info
[1.814s] removing '/home/paolo/ros2_ws/install/robot_vision/lib/python3.10/site-packages/robot_vision-0.0.0-py3.10.egg-info' (and everything under it)
[1.815s] Copying ../../build/robot_vision/robot_vision.egg-info to /home/paolo/ros2_ws/install/robot_vision/lib/python3.10/site-packages/robot_vision-0.0.0-py3.10.egg-info
[1.816s] running install_scripts
[1.919s] Installing line_follower script to /home/paolo/ros2_ws/install/robot_vision/lib/robot_vision
[1.919s] Installing line_follower_v2 script to /home/paolo/ros2_ws/install/robot_vision/lib/robot_vision
[1.919s] Installing line_follower_v3 script to /home/paolo/ros2_ws/install/robot_vision/lib/robot_vision
[1.920s] writing list of installed files to '/home/paolo/ros2_ws/build/robot_vision/install.log'
[1.992s] Invoked command in '/home/paolo/ros2_ws/src/robot_vision' returned '0': PYTHONPATH=/home/paolo/ros2_ws/build/robot_vision/prefix_override:/home/paolo/ros2_ws/install/robot_vision/lib/python3.10/site-packages:${PYTHONPATH} /usr/bin/python3 -W ignore:setup.py install is deprecated setup.py egg_info --egg-base ../../build/robot_vision build --build-base /home/paolo/ros2_ws/build/robot_vision/build install --record /home/paolo/ros2_ws/build/robot_vision/install.log --single-version-externally-managed install_data
