[1.536s] Invoking command in '/home/paolo/ros2_ws/src/line_follower': PYTHONPATH=/home/paolo/ros2_ws/build/line_follower/prefix_override:/home/paolo/ros2_ws/install/line_follower/lib/python3.10/site-packages:${PYTHONPATH} /usr/bin/python3 -W ignore:setup.py install is deprecated setup.py egg_info --egg-base ../../build/line_follower build --build-base /home/paolo/ros2_ws/build/line_follower/build install --record /home/paolo/ros2_ws/build/line_follower/install.log --single-version-externally-managed install_data
[1.758s] running egg_info
[1.767s] writing ../../build/line_follower/line_follower.egg-info/PKG-INFO
[1.768s] writing dependency_links to ../../build/line_follower/line_follower.egg-info/dependency_links.txt
[1.768s] writing entry points to ../../build/line_follower/line_follower.egg-info/entry_points.txt
[1.768s] writing requirements to ../../build/line_follower/line_follower.egg-info/requires.txt
[1.768s] writing top-level names to ../../build/line_follower/line_follower.egg-info/top_level.txt
[1.797s] reading manifest file '../../build/line_follower/line_follower.egg-info/SOURCES.txt'
[1.798s] writing manifest file '../../build/line_follower/line_follower.egg-info/SOURCES.txt'
[1.798s] running build
[1.798s] running build_py
[1.798s] copying line_follower/traffic_light_identification.py -> /home/paolo/ros2_ws/build/line_follower/build/lib/line_follower
[1.799s] copying line_follower/line_follower.py -> /home/paolo/ros2_ws/build/line_follower/build/lib/line_follower
[1.799s] running install
[1.802s] running install_lib
[1.815s] running install_data
[1.815s] copying launch/line_follower_launch.py -> /home/paolo/ros2_ws/install/line_follower/share/line_follower/launch
[1.815s] copying config/traffic_lights.yaml -> /home/paolo/ros2_ws/install/line_follower/share/line_follower/config
[1.816s] running install_egg_info
[1.831s] removing '/home/paolo/ros2_ws/install/line_follower/lib/python3.10/site-packages/line_follower-0.0.0-py3.10.egg-info' (and everything under it)
[1.832s] Copying ../../build/line_follower/line_follower.egg-info to /home/paolo/ros2_ws/install/line_follower/lib/python3.10/site-packages/line_follower-0.0.0-py3.10.egg-info
[1.832s] running install_scripts
[1.935s] Installing line_follower script to /home/paolo/ros2_ws/install/line_follower/lib/line_follower
[1.935s] Installing traffic_light_identification script to /home/paolo/ros2_ws/install/line_follower/lib/line_follower
[1.935s] writing list of installed files to '/home/paolo/ros2_ws/build/line_follower/install.log'
[2.000s] Invoked command in '/home/paolo/ros2_ws/src/line_follower' returned '0': PYTHONPATH=/home/paolo/ros2_ws/build/line_follower/prefix_override:/home/paolo/ros2_ws/install/line_follower/lib/python3.10/site-packages:${PYTHONPATH} /usr/bin/python3 -W ignore:setup.py install is deprecated setup.py egg_info --egg-base ../../build/line_follower build --build-base /home/paolo/ros2_ws/build/line_follower/build install --record /home/paolo/ros2_ws/build/line_follower/install.log --single-version-externally-managed install_data
