[1.417s] Invoking command in '/home/paolo/ros2_ws/src/puzzlebot': PYTHONPATH=/home/paolo/ros2_ws/build/puzzlebot/prefix_override:/home/paolo/ros2_ws/install/puzzlebot/lib/python3.10/site-packages:${PYTHONPATH} /usr/bin/python3 -W ignore:setup.py install is deprecated setup.py egg_info --egg-base ../../build/puzzlebot build --build-base /home/paolo/ros2_ws/build/puzzlebot/build install --record /home/paolo/ros2_ws/build/puzzlebot/install.log --single-version-externally-managed install_data
[1.839s] running egg_info
[1.859s] writing ../../build/puzzlebot/puzzlebot.egg-info/PKG-INFO
[1.860s] writing dependency_links to ../../build/puzzlebot/puzzlebot.egg-info/dependency_links.txt
[1.860s] writing entry points to ../../build/puzzlebot/puzzlebot.egg-info/entry_points.txt
[1.861s] writing requirements to ../../build/puzzlebot/puzzlebot.egg-info/requires.txt
[1.861s] writing top-level names to ../../build/puzzlebot/puzzlebot.egg-info/top_level.txt
[1.909s] reading manifest file '../../build/puzzlebot/puzzlebot.egg-info/SOURCES.txt'
[1.909s] adding license file 'LICENSE'
[1.914s] writing manifest file '../../build/puzzlebot/puzzlebot.egg-info/SOURCES.txt'
[1.915s] running build
[1.915s] running build_py
[1.916s] copying puzzlebot/__init__.py -> /home/paolo/ros2_ws/build/puzzlebot/build/lib/puzzlebot
[1.916s] copying puzzlebot/hard_switch_control.py -> /home/paolo/ros2_ws/build/puzzlebot/build/lib/puzzlebot
[1.916s] copying puzzlebot/gazebo_topics_renamer.py -> /home/paolo/ros2_ws/build/puzzlebot/build/lib/puzzlebot
[1.917s] running install
[1.927s] running install_lib
[1.952s] copying /home/paolo/ros2_ws/build/puzzlebot/build/lib/puzzlebot/hard_switch_control.py -> /home/paolo/ros2_ws/install/puzzlebot/lib/python3.10/site-packages/puzzlebot
[1.953s] byte-compiling /home/paolo/ros2_ws/install/puzzlebot/lib/python3.10/site-packages/puzzlebot/hard_switch_control.py to hard_switch_control.cpython-310.pyc
[1.954s] running install_data
[1.954s] copying resource/puzzlebot -> /home/paolo/ros2_ws/install/puzzlebot/share/ament_index/resource_index/packages
[1.955s] copying package.xml -> /home/paolo/ros2_ws/install/puzzlebot/share/puzzlebot
[1.955s] copying launch/hard_switch_obstacle_avoidance_launch.py -> /home/paolo/ros2_ws/install/puzzlebot/share/puzzlebot/launch
[1.955s] copying config/params.yaml -> /home/paolo/ros2_ws/install/puzzlebot/share/puzzlebot/config
[1.955s] copying meshes/Crazy_Wheel.STL -> /home/paolo/ros2_ws/install/puzzlebot/share/puzzlebot/meshes
[1.955s] copying meshes/Left_Wheel.STL -> /home/paolo/ros2_ws/install/puzzlebot/share/puzzlebot/meshes
[1.956s] copying meshes/base_link.STL -> /home/paolo/ros2_ws/install/puzzlebot/share/puzzlebot/meshes
[1.970s] copying meshes/Right_Wheel.STL -> /home/paolo/ros2_ws/install/puzzlebot/share/puzzlebot/meshes
[1.970s] copying urdf/Puzzlebot.urdf -> /home/paolo/ros2_ws/install/puzzlebot/share/puzzlebot/urdf
[1.971s] running install_egg_info
[1.992s] removing '/home/paolo/ros2_ws/install/puzzlebot/lib/python3.10/site-packages/puzzlebot-0.0.0-py3.10.egg-info' (and everything under it)
[1.992s] Copying ../../build/puzzlebot/puzzlebot.egg-info to /home/paolo/ros2_ws/install/puzzlebot/lib/python3.10/site-packages/puzzlebot-0.0.0-py3.10.egg-info
[1.993s] running install_scripts
[2.195s] Installing gazebo_topics_renamer script to /home/paolo/ros2_ws/install/puzzlebot/lib/puzzlebot
[2.195s] Installing hard_switch_control script to /home/paolo/ros2_ws/install/puzzlebot/lib/puzzlebot
[2.197s] writing list of installed files to '/home/paolo/ros2_ws/build/puzzlebot/install.log'
[2.258s] Invoked command in '/home/paolo/ros2_ws/src/puzzlebot' returned '0': PYTHONPATH=/home/paolo/ros2_ws/build/puzzlebot/prefix_override:/home/paolo/ros2_ws/install/puzzlebot/lib/python3.10/site-packages:${PYTHONPATH} /usr/bin/python3 -W ignore:setup.py install is deprecated setup.py egg_info --egg-base ../../build/puzzlebot build --build-base /home/paolo/ros2_ws/build/puzzlebot/build install --record /home/paolo/ros2_ws/build/puzzlebot/install.log --single-version-externally-managed install_data
