[0.974s] DEBUG:colcon:Command line arguments: ['/usr/bin/colcon', 'build']
[0.974s] DEBUG:colcon:Parsed command line arguments: Namespace(log_base=None, log_level=None, verb_name='build', build_base='build', install_base='install', merge_install=False, symlink_install=False, test_result_base=None, continue_on_error=False, executor='parallel', parallel_workers=20, event_handlers=None, ignore_user_meta=False, metas=['./colcon.meta'], base_paths=['.'], packages_ignore=None, packages_ignore_regex=None, paths=None, packages_up_to=None, packages_up_to_regex=None, packages_above=None, packages_above_and_dependencies=None, packages_above_depth=None, packages_select_by_dep=None, packages_skip_by_dep=None, packages_skip_up_to=None, packages_select_build_failed=False, packages_skip_build_finished=False, packages_select_test_failures=False, packages_skip_test_passed=False, packages_select=None, packages_skip=None, packages_select_regex=None, packages_skip_regex=None, packages_start=None, packages_end=None, allow_overriding=[], cmake_args=None, cmake_target=None, cmake_target_skip_unavailable=False, cmake_clean_cache=False, cmake_clean_first=False, cmake_force_configure=False, ament_cmake_args=None, catkin_cmake_args=None, catkin_skip_building_tests=False, verb_parser=<colcon_defaults.argument_parser.defaults.DefaultArgumentsDecorator object at 0x7f74ca0088e0>, verb_extension=<colcon_core.verb.build.BuildVerb object at 0x7f74ca1746a0>, main=<bound method BuildVerb.main of <colcon_core.verb.build.BuildVerb object at 0x7f74ca1746a0>>)
[1.069s] Level 1:colcon.colcon_core.package_discovery:discover_packages(colcon_meta) check parameters
[1.070s] Level 1:colcon.colcon_core.package_discovery:discover_packages(recursive) check parameters
[1.071s] Level 1:colcon.colcon_core.package_discovery:discover_packages(ignore) check parameters
[1.071s] Level 1:colcon.colcon_core.package_discovery:discover_packages(path) check parameters
[1.071s] Level 1:colcon.colcon_core.package_discovery:discover_packages(colcon_meta) discover
[1.072s] Level 1:colcon.colcon_core.package_discovery:discover_packages(recursive) discover
[1.072s] INFO:colcon.colcon_core.package_discovery:Crawling recursively for packages in '/home/paolo/ros2_ws'
[1.072s] Level 1:colcon.colcon_core.package_identification:_identify(.) by extensions ['ignore', 'ignore_ament_install']
[1.072s] Level 1:colcon.colcon_core.package_identification:_identify(.) by extension 'ignore'
[1.073s] Level 1:colcon.colcon_core.package_identification:_identify(.) by extension 'ignore_ament_install'
[1.073s] Level 1:colcon.colcon_core.package_identification:_identify(.) by extensions ['colcon_pkg']
[1.073s] Level 1:colcon.colcon_core.package_identification:_identify(.) by extension 'colcon_pkg'
[1.073s] Level 1:colcon.colcon_core.package_identification:_identify(.) by extensions ['colcon_meta']
[1.073s] Level 1:colcon.colcon_core.package_identification:_identify(.) by extension 'colcon_meta'
[1.073s] Level 1:colcon.colcon_core.package_identification:_identify(.) by extensions ['ros']
[1.073s] Level 1:colcon.colcon_core.package_identification:_identify(.) by extension 'ros'
[1.118s] Level 1:colcon.colcon_core.package_identification:_identify(.) by extensions ['cmake', 'python']
[1.118s] Level 1:colcon.colcon_core.package_identification:_identify(.) by extension 'cmake'
[1.118s] Level 1:colcon.colcon_core.package_identification:_identify(.) by extension 'python'
[1.119s] Level 1:colcon.colcon_core.package_identification:_identify(.) by extensions ['python_setup_py']
[1.119s] Level 1:colcon.colcon_core.package_identification:_identify(.) by extension 'python_setup_py'
[1.119s] Level 1:colcon.colcon_core.package_identification:_identify(build) by extensions ['ignore', 'ignore_ament_install']
[1.122s] Level 1:colcon.colcon_core.package_identification:_identify(build) by extension 'ignore'
[1.124s] Level 1:colcon.colcon_core.package_identification:_identify(build) ignored
[1.124s] Level 1:colcon.colcon_core.package_identification:_identify(install) by extensions ['ignore', 'ignore_ament_install']
[1.124s] Level 1:colcon.colcon_core.package_identification:_identify(install) by extension 'ignore'
[1.124s] Level 1:colcon.colcon_core.package_identification:_identify(install) ignored
[1.125s] Level 1:colcon.colcon_core.package_identification:_identify(log) by extensions ['ignore', 'ignore_ament_install']
[1.125s] Level 1:colcon.colcon_core.package_identification:_identify(log) by extension 'ignore'
[1.125s] Level 1:colcon.colcon_core.package_identification:_identify(log) ignored
[1.125s] Level 1:colcon.colcon_core.package_identification:_identify(src) by extensions ['ignore', 'ignore_ament_install']
[1.126s] Level 1:colcon.colcon_core.package_identification:_identify(src) by extension 'ignore'
[1.126s] Level 1:colcon.colcon_core.package_identification:_identify(src) by extension 'ignore_ament_install'
[1.126s] Level 1:colcon.colcon_core.package_identification:_identify(src) by extensions ['colcon_pkg']
[1.126s] Level 1:colcon.colcon_core.package_identification:_identify(src) by extension 'colcon_pkg'
[1.126s] Level 1:colcon.colcon_core.package_identification:_identify(src) by extensions ['colcon_meta']
[1.126s] Level 1:colcon.colcon_core.package_identification:_identify(src) by extension 'colcon_meta'
[1.126s] Level 1:colcon.colcon_core.package_identification:_identify(src) by extensions ['ros']
[1.126s] Level 1:colcon.colcon_core.package_identification:_identify(src) by extension 'ros'
[1.127s] Level 1:colcon.colcon_core.package_identification:_identify(src) by extensions ['cmake', 'python']
[1.127s] Level 1:colcon.colcon_core.package_identification:_identify(src) by extension 'cmake'
[1.127s] Level 1:colcon.colcon_core.package_identification:_identify(src) by extension 'python'
[1.127s] Level 1:colcon.colcon_core.package_identification:_identify(src) by extensions ['python_setup_py']
[1.129s] Level 1:colcon.colcon_core.package_identification:_identify(src) by extension 'python_setup_py'
[1.130s] Level 1:colcon.colcon_core.package_identification:_identify(src/line_follower) by extensions ['ignore', 'ignore_ament_install']
[1.130s] Level 1:colcon.colcon_core.package_identification:_identify(src/line_follower) by extension 'ignore'
[1.130s] Level 1:colcon.colcon_core.package_identification:_identify(src/line_follower) by extension 'ignore_ament_install'
[1.130s] Level 1:colcon.colcon_core.package_identification:_identify(src/line_follower) by extensions ['colcon_pkg']
[1.130s] Level 1:colcon.colcon_core.package_identification:_identify(src/line_follower) by extension 'colcon_pkg'
[1.130s] Level 1:colcon.colcon_core.package_identification:_identify(src/line_follower) by extensions ['colcon_meta']
[1.130s] Level 1:colcon.colcon_core.package_identification:_identify(src/line_follower) by extension 'colcon_meta'
[1.130s] Level 1:colcon.colcon_core.package_identification:_identify(src/line_follower) by extensions ['ros']
[1.130s] Level 1:colcon.colcon_core.package_identification:_identify(src/line_follower) by extension 'ros'
[1.138s] DEBUG:colcon.colcon_core.package_identification:Package 'src/line_follower' with type 'ros.ament_python' and name 'line_follower'
[1.139s] Level 1:colcon.colcon_core.package_identification:_identify(src/puzzlebot) by extensions ['ignore', 'ignore_ament_install']
[1.139s] Level 1:colcon.colcon_core.package_identification:_identify(src/puzzlebot) by extension 'ignore'
[1.139s] Level 1:colcon.colcon_core.package_identification:_identify(src/puzzlebot) by extension 'ignore_ament_install'
[1.140s] Level 1:colcon.colcon_core.package_identification:_identify(src/puzzlebot) by extensions ['colcon_pkg']
[1.140s] Level 1:colcon.colcon_core.package_identification:_identify(src/puzzlebot) by extension 'colcon_pkg'
[1.140s] Level 1:colcon.colcon_core.package_identification:_identify(src/puzzlebot) by extensions ['colcon_meta']
[1.140s] Level 1:colcon.colcon_core.package_identification:_identify(src/puzzlebot) by extension 'colcon_meta'
[1.140s] Level 1:colcon.colcon_core.package_identification:_identify(src/puzzlebot) by extensions ['ros']
[1.140s] Level 1:colcon.colcon_core.package_identification:_identify(src/puzzlebot) by extension 'ros'
[1.141s] DEBUG:colcon.colcon_core.package_identification:Package 'src/puzzlebot' with type 'ros.ament_python' and name 'puzzlebot'
[1.142s] Level 1:colcon.colcon_core.package_identification:_identify(src/robot_vision) by extensions ['ignore', 'ignore_ament_install']
[1.142s] Level 1:colcon.colcon_core.package_identification:_identify(src/robot_vision) by extension 'ignore'
[1.142s] Level 1:colcon.colcon_core.package_identification:_identify(src/robot_vision) by extension 'ignore_ament_install'
[1.142s] Level 1:colcon.colcon_core.package_identification:_identify(src/robot_vision) by extensions ['colcon_pkg']
[1.142s] Level 1:colcon.colcon_core.package_identification:_identify(src/robot_vision) by extension 'colcon_pkg'
[1.142s] Level 1:colcon.colcon_core.package_identification:_identify(src/robot_vision) by extensions ['colcon_meta']
[1.143s] Level 1:colcon.colcon_core.package_identification:_identify(src/robot_vision) by extension 'colcon_meta'
[1.143s] Level 1:colcon.colcon_core.package_identification:_identify(src/robot_vision) by extensions ['ros']
[1.143s] Level 1:colcon.colcon_core.package_identification:_identify(src/robot_vision) by extension 'ros'
[1.145s] DEBUG:colcon.colcon_core.package_identification:Package 'src/robot_vision' with type 'ros.ament_python' and name 'robot_vision'
[1.145s] Level 1:colcon.colcon_core.package_discovery:discover_packages(recursive) using defaults
[1.145s] Level 1:colcon.colcon_core.package_discovery:discover_packages(ignore) discover
[1.145s] Level 1:colcon.colcon_core.package_discovery:discover_packages(ignore) using defaults
[1.145s] Level 1:colcon.colcon_core.package_discovery:discover_packages(path) discover
[1.145s] Level 1:colcon.colcon_core.package_discovery:discover_packages(path) using defaults
[1.194s] Level 1:colcon.colcon_core.package_discovery:discover_packages(prefix_path) check parameters
[1.194s] Level 1:colcon.colcon_core.package_discovery:discover_packages(prefix_path) discover
[1.209s] DEBUG:colcon.colcon_installed_package_information.package_discovery:Found 3 installed packages in /home/paolo/ros2_ws/install
[1.211s] DEBUG:colcon.colcon_installed_package_information.package_discovery:Found 294 installed packages in /opt/ros/humble
[1.213s] Level 1:colcon.colcon_core.package_discovery:discover_packages(prefix_path) using defaults
[1.289s] Level 5:colcon.colcon_core.verb:set package 'line_follower' build argument 'cmake_args' from command line to 'None'
[1.290s] Level 5:colcon.colcon_core.verb:set package 'line_follower' build argument 'cmake_target' from command line to 'None'
[1.290s] Level 5:colcon.colcon_core.verb:set package 'line_follower' build argument 'cmake_target_skip_unavailable' from command line to 'False'
[1.290s] Level 5:colcon.colcon_core.verb:set package 'line_follower' build argument 'cmake_clean_cache' from command line to 'False'
[1.290s] Level 5:colcon.colcon_core.verb:set package 'line_follower' build argument 'cmake_clean_first' from command line to 'False'
[1.290s] Level 5:colcon.colcon_core.verb:set package 'line_follower' build argument 'cmake_force_configure' from command line to 'False'
[1.290s] Level 5:colcon.colcon_core.verb:set package 'line_follower' build argument 'ament_cmake_args' from command line to 'None'
[1.290s] Level 5:colcon.colcon_core.verb:set package 'line_follower' build argument 'catkin_cmake_args' from command line to 'None'
[1.290s] Level 5:colcon.colcon_core.verb:set package 'line_follower' build argument 'catkin_skip_building_tests' from command line to 'False'
[1.290s] DEBUG:colcon.colcon_core.verb:Building package 'line_follower' with the following arguments: {'ament_cmake_args': None, 'build_base': '/home/paolo/ros2_ws/build/line_follower', 'catkin_cmake_args': None, 'catkin_skip_building_tests': False, 'cmake_args': None, 'cmake_clean_cache': False, 'cmake_clean_first': False, 'cmake_force_configure': False, 'cmake_target': None, 'cmake_target_skip_unavailable': False, 'install_base': '/home/paolo/ros2_ws/install/line_follower', 'merge_install': False, 'path': '/home/paolo/ros2_ws/src/line_follower', 'symlink_install': False, 'test_result_base': None}
[1.291s] Level 5:colcon.colcon_core.verb:set package 'puzzlebot' build argument 'cmake_args' from command line to 'None'
[1.291s] Level 5:colcon.colcon_core.verb:set package 'puzzlebot' build argument 'cmake_target' from command line to 'None'
[1.291s] Level 5:colcon.colcon_core.verb:set package 'puzzlebot' build argument 'cmake_target_skip_unavailable' from command line to 'False'
[1.291s] Level 5:colcon.colcon_core.verb:set package 'puzzlebot' build argument 'cmake_clean_cache' from command line to 'False'
[1.291s] Level 5:colcon.colcon_core.verb:set package 'puzzlebot' build argument 'cmake_clean_first' from command line to 'False'
[1.291s] Level 5:colcon.colcon_core.verb:set package 'puzzlebot' build argument 'cmake_force_configure' from command line to 'False'
[1.291s] Level 5:colcon.colcon_core.verb:set package 'puzzlebot' build argument 'ament_cmake_args' from command line to 'None'
[1.291s] Level 5:colcon.colcon_core.verb:set package 'puzzlebot' build argument 'catkin_cmake_args' from command line to 'None'
[1.291s] Level 5:colcon.colcon_core.verb:set package 'puzzlebot' build argument 'catkin_skip_building_tests' from command line to 'False'
[1.291s] DEBUG:colcon.colcon_core.verb:Building package 'puzzlebot' with the following arguments: {'ament_cmake_args': None, 'build_base': '/home/paolo/ros2_ws/build/puzzlebot', 'catkin_cmake_args': None, 'catkin_skip_building_tests': False, 'cmake_args': None, 'cmake_clean_cache': False, 'cmake_clean_first': False, 'cmake_force_configure': False, 'cmake_target': None, 'cmake_target_skip_unavailable': False, 'install_base': '/home/paolo/ros2_ws/install/puzzlebot', 'merge_install': False, 'path': '/home/paolo/ros2_ws/src/puzzlebot', 'symlink_install': False, 'test_result_base': None}
[1.291s] Level 5:colcon.colcon_core.verb:set package 'robot_vision' build argument 'cmake_args' from command line to 'None'
[1.292s] Level 5:colcon.colcon_core.verb:set package 'robot_vision' build argument 'cmake_target' from command line to 'None'
[1.292s] Level 5:colcon.colcon_core.verb:set package 'robot_vision' build argument 'cmake_target_skip_unavailable' from command line to 'False'
[1.292s] Level 5:colcon.colcon_core.verb:set package 'robot_vision' build argument 'cmake_clean_cache' from command line to 'False'
[1.292s] Level 5:colcon.colcon_core.verb:set package 'robot_vision' build argument 'cmake_clean_first' from command line to 'False'
[1.292s] Level 5:colcon.colcon_core.verb:set package 'robot_vision' build argument 'cmake_force_configure' from command line to 'False'
[1.292s] Level 5:colcon.colcon_core.verb:set package 'robot_vision' build argument 'ament_cmake_args' from command line to 'None'
[1.292s] Level 5:colcon.colcon_core.verb:set package 'robot_vision' build argument 'catkin_cmake_args' from command line to 'None'
[1.292s] Level 5:colcon.colcon_core.verb:set package 'robot_vision' build argument 'catkin_skip_building_tests' from command line to 'False'
[1.292s] DEBUG:colcon.colcon_core.verb:Building package 'robot_vision' with the following arguments: {'ament_cmake_args': None, 'build_base': '/home/paolo/ros2_ws/build/robot_vision', 'catkin_cmake_args': None, 'catkin_skip_building_tests': False, 'cmake_args': None, 'cmake_clean_cache': False, 'cmake_clean_first': False, 'cmake_force_configure': False, 'cmake_target': None, 'cmake_target_skip_unavailable': False, 'install_base': '/home/paolo/ros2_ws/install/robot_vision', 'merge_install': False, 'path': '/home/paolo/ros2_ws/src/robot_vision', 'symlink_install': False, 'test_result_base': None}
[1.292s] INFO:colcon.colcon_core.executor:Executing jobs using 'parallel' executor
[1.294s] DEBUG:colcon.colcon_parallel_executor.executor.parallel:run_until_complete
[1.294s] INFO:colcon.colcon_ros.task.ament_python.build:Building ROS package in '/home/paolo/ros2_ws/src/line_follower' with build type 'ament_python'
[1.295s] Level 1:colcon.colcon_core.shell:create_environment_hook('line_follower', 'ament_prefix_path')
[1.302s] INFO:colcon.colcon_core.plugin_system:Skipping extension 'colcon_core.shell.bat': Not used on non-Windows systems
[1.303s] INFO:colcon.colcon_core.shell:Creating environment hook '/home/paolo/ros2_ws/install/line_follower/share/line_follower/hook/ament_prefix_path.ps1'
[1.305s] INFO:colcon.colcon_core.shell:Creating environment descriptor '/home/paolo/ros2_ws/install/line_follower/share/line_follower/hook/ament_prefix_path.dsv'
[1.306s] INFO:colcon.colcon_core.shell:Creating environment hook '/home/paolo/ros2_ws/install/line_follower/share/line_follower/hook/ament_prefix_path.sh'
[1.307s] INFO:colcon.colcon_core.shell:Skip shell extension 'powershell' for command environment: Not usable outside of PowerShell
[1.307s] DEBUG:colcon.colcon_core.shell:Skip shell extension 'dsv' for command environment
[1.314s] INFO:colcon.colcon_ros.task.ament_python.build:Building ROS package in '/home/paolo/ros2_ws/src/puzzlebot' with build type 'ament_python'
[1.319s] Level 1:colcon.colcon_core.shell:create_environment_hook('puzzlebot', 'ament_prefix_path')
[1.320s] INFO:colcon.colcon_core.shell:Creating environment hook '/home/paolo/ros2_ws/install/puzzlebot/share/puzzlebot/hook/ament_prefix_path.ps1'
[1.322s] INFO:colcon.colcon_core.shell:Creating environment descriptor '/home/paolo/ros2_ws/install/puzzlebot/share/puzzlebot/hook/ament_prefix_path.dsv'
[1.323s] INFO:colcon.colcon_core.shell:Creating environment hook '/home/paolo/ros2_ws/install/puzzlebot/share/puzzlebot/hook/ament_prefix_path.sh'
[1.325s] INFO:colcon.colcon_core.shell:Skip shell extension 'powershell' for command environment: Not usable outside of PowerShell
[1.325s] DEBUG:colcon.colcon_core.shell:Skip shell extension 'dsv' for command environment
[1.329s] INFO:colcon.colcon_ros.task.ament_python.build:Building ROS package in '/home/paolo/ros2_ws/src/robot_vision' with build type 'ament_python'
[1.330s] Level 1:colcon.colcon_core.shell:create_environment_hook('robot_vision', 'ament_prefix_path')
[1.330s] INFO:colcon.colcon_core.shell:Creating environment hook '/home/paolo/ros2_ws/install/robot_vision/share/robot_vision/hook/ament_prefix_path.ps1'
[1.331s] INFO:colcon.colcon_core.shell:Creating environment descriptor '/home/paolo/ros2_ws/install/robot_vision/share/robot_vision/hook/ament_prefix_path.dsv'
[1.333s] INFO:colcon.colcon_core.shell:Creating environment hook '/home/paolo/ros2_ws/install/robot_vision/share/robot_vision/hook/ament_prefix_path.sh'
[1.344s] INFO:colcon.colcon_core.shell:Skip shell extension 'powershell' for command environment: Not usable outside of PowerShell
[1.344s] DEBUG:colcon.colcon_core.shell:Skip shell extension 'dsv' for command environment
[1.880s] INFO:colcon.colcon_core.task.python.build:Building Python package in '/home/paolo/ros2_ws/src/line_follower'
[1.880s] INFO:colcon.colcon_core.shell:Skip shell extension 'powershell' for command environment: Not usable outside of PowerShell
[1.880s] DEBUG:colcon.colcon_core.shell:Skip shell extension 'dsv' for command environment
[2.414s] INFO:colcon.colcon_core.task.python.build:Building Python package in '/home/paolo/ros2_ws/src/puzzlebot'
[2.415s] INFO:colcon.colcon_core.shell:Skip shell extension 'powershell' for command environment: Not usable outside of PowerShell
[2.415s] DEBUG:colcon.colcon_core.shell:Skip shell extension 'dsv' for command environment
[2.896s] INFO:colcon.colcon_core.task.python.build:Building Python package in '/home/paolo/ros2_ws/src/robot_vision'
[2.896s] INFO:colcon.colcon_core.shell:Skip shell extension 'powershell' for command environment: Not usable outside of PowerShell
[2.896s] DEBUG:colcon.colcon_core.shell:Skip shell extension 'dsv' for command environment
[4.025s] DEBUG:colcon.colcon_core.event_handler.log_command:Invoking command in '/home/paolo/ros2_ws/src/robot_vision': PYTHONPATH=/home/paolo/ros2_ws/build/robot_vision/prefix_override:/home/paolo/ros2_ws/install/robot_vision/lib/python3.10/site-packages:${PYTHONPATH} /usr/bin/python3 -W ignore:setup.py install is deprecated setup.py egg_info --egg-base ../../build/robot_vision build --build-base /home/paolo/ros2_ws/build/robot_vision/build install --record /home/paolo/ros2_ws/build/robot_vision/install.log --single-version-externally-managed install_data
[4.038s] DEBUG:colcon.colcon_core.event_handler.log_command:Invoking command in '/home/paolo/ros2_ws/src/line_follower': PYTHONPATH=/home/paolo/ros2_ws/build/line_follower/prefix_override:/home/paolo/ros2_ws/install/line_follower/lib/python3.10/site-packages:${PYTHONPATH} /usr/bin/python3 -W ignore:setup.py install is deprecated setup.py egg_info --egg-base ../../build/line_follower build --build-base /home/paolo/ros2_ws/build/line_follower/build install --record /home/paolo/ros2_ws/build/line_follower/install.log --single-version-externally-managed install_data
[4.052s] DEBUG:colcon.colcon_core.event_handler.log_command:Invoking command in '/home/paolo/ros2_ws/src/puzzlebot': PYTHONPATH=/home/paolo/ros2_ws/build/puzzlebot/prefix_override:/home/paolo/ros2_ws/install/puzzlebot/lib/python3.10/site-packages:${PYTHONPATH} /usr/bin/python3 -W ignore:setup.py install is deprecated setup.py egg_info --egg-base ../../build/puzzlebot build --build-base /home/paolo/ros2_ws/build/puzzlebot/build install --record /home/paolo/ros2_ws/build/puzzlebot/install.log --single-version-externally-managed install_data
[4.997s] DEBUG:colcon.colcon_core.event_handler.log_command:Invoked command in '/home/paolo/ros2_ws/src/line_follower' returned '0': PYTHONPATH=/home/paolo/ros2_ws/build/line_follower/prefix_override:/home/paolo/ros2_ws/install/line_follower/lib/python3.10/site-packages:${PYTHONPATH} /usr/bin/python3 -W ignore:setup.py install is deprecated setup.py egg_info --egg-base ../../build/line_follower build --build-base /home/paolo/ros2_ws/build/line_follower/build install --record /home/paolo/ros2_ws/build/line_follower/install.log --single-version-externally-managed install_data
[5.002s] Level 1:colcon.colcon_core.environment:checking '/home/paolo/ros2_ws/install/line_follower' for CMake module files
[5.003s] Level 1:colcon.colcon_core.environment:checking '/home/paolo/ros2_ws/install/line_follower' for CMake config files
[5.006s] Level 1:colcon.colcon_core.environment:checking '/home/paolo/ros2_ws/install/line_follower/lib'
[5.006s] Level 1:colcon.colcon_core.environment:checking '/home/paolo/ros2_ws/install/line_follower/bin'
[5.007s] Level 1:colcon.colcon_core.environment:checking '/home/paolo/ros2_ws/install/line_follower/lib/pkgconfig/line_follower.pc'
[5.007s] Level 1:colcon.colcon_core.environment:checking '/home/paolo/ros2_ws/install/line_follower/lib/python3.10/site-packages'
[5.007s] Level 1:colcon.colcon_core.shell:create_environment_hook('line_follower', 'pythonpath')
[5.008s] INFO:colcon.colcon_core.shell:Creating environment hook '/home/paolo/ros2_ws/install/line_follower/share/line_follower/hook/pythonpath.ps1'
[5.009s] INFO:colcon.colcon_core.shell:Creating environment descriptor '/home/paolo/ros2_ws/install/line_follower/share/line_follower/hook/pythonpath.dsv'
[5.009s] INFO:colcon.colcon_core.shell:Creating environment hook '/home/paolo/ros2_ws/install/line_follower/share/line_follower/hook/pythonpath.sh'
[5.010s] Level 1:colcon.colcon_core.environment:checking '/home/paolo/ros2_ws/install/line_follower/bin'
[5.010s] Level 1:colcon.colcon_core.environment:create_environment_scripts_only(line_follower)
[5.010s] INFO:colcon.colcon_core.shell:Creating package script '/home/paolo/ros2_ws/install/line_follower/share/line_follower/package.ps1'
[5.012s] INFO:colcon.colcon_core.shell:Creating package descriptor '/home/paolo/ros2_ws/install/line_follower/share/line_follower/package.dsv'
[5.013s] INFO:colcon.colcon_core.shell:Creating package script '/home/paolo/ros2_ws/install/line_follower/share/line_follower/package.sh'
[5.014s] INFO:colcon.colcon_core.shell:Creating package script '/home/paolo/ros2_ws/install/line_follower/share/line_follower/package.bash'
[5.017s] INFO:colcon.colcon_core.shell:Creating package script '/home/paolo/ros2_ws/install/line_follower/share/line_follower/package.zsh'
[5.020s] Level 1:colcon.colcon_core.environment:create_file_with_runtime_dependencies(/home/paolo/ros2_ws/install/line_follower/share/colcon-core/packages/line_follower)
[5.025s] Level 1:colcon.colcon_core.environment:checking '/home/paolo/ros2_ws/install/robot_vision' for CMake module files
[5.027s] DEBUG:colcon.colcon_core.event_handler.log_command:Invoked command in '/home/paolo/ros2_ws/src/robot_vision' returned '0': PYTHONPATH=/home/paolo/ros2_ws/build/robot_vision/prefix_override:/home/paolo/ros2_ws/install/robot_vision/lib/python3.10/site-packages:${PYTHONPATH} /usr/bin/python3 -W ignore:setup.py install is deprecated setup.py egg_info --egg-base ../../build/robot_vision build --build-base /home/paolo/ros2_ws/build/robot_vision/build install --record /home/paolo/ros2_ws/build/robot_vision/install.log --single-version-externally-managed install_data
[5.028s] Level 1:colcon.colcon_core.environment:checking '/home/paolo/ros2_ws/install/robot_vision' for CMake config files
[5.029s] Level 1:colcon.colcon_core.environment:checking '/home/paolo/ros2_ws/install/robot_vision/lib'
[5.029s] Level 1:colcon.colcon_core.environment:checking '/home/paolo/ros2_ws/install/robot_vision/bin'
[5.029s] Level 1:colcon.colcon_core.environment:checking '/home/paolo/ros2_ws/install/robot_vision/lib/pkgconfig/robot_vision.pc'
[5.029s] Level 1:colcon.colcon_core.environment:checking '/home/paolo/ros2_ws/install/robot_vision/lib/python3.10/site-packages'
[5.029s] Level 1:colcon.colcon_core.shell:create_environment_hook('robot_vision', 'pythonpath')
[5.030s] INFO:colcon.colcon_core.shell:Creating environment hook '/home/paolo/ros2_ws/install/robot_vision/share/robot_vision/hook/pythonpath.ps1'
[5.031s] INFO:colcon.colcon_core.shell:Creating environment descriptor '/home/paolo/ros2_ws/install/robot_vision/share/robot_vision/hook/pythonpath.dsv'
[5.033s] INFO:colcon.colcon_core.shell:Creating environment hook '/home/paolo/ros2_ws/install/robot_vision/share/robot_vision/hook/pythonpath.sh'
[5.035s] Level 1:colcon.colcon_core.environment:checking '/home/paolo/ros2_ws/install/robot_vision/bin'
[5.035s] Level 1:colcon.colcon_core.environment:create_environment_scripts_only(robot_vision)
[5.036s] INFO:colcon.colcon_core.shell:Creating package script '/home/paolo/ros2_ws/install/robot_vision/share/robot_vision/package.ps1'
[5.038s] INFO:colcon.colcon_core.shell:Creating package descriptor '/home/paolo/ros2_ws/install/robot_vision/share/robot_vision/package.dsv'
[5.039s] INFO:colcon.colcon_core.shell:Creating package script '/home/paolo/ros2_ws/install/robot_vision/share/robot_vision/package.sh'
[5.039s] INFO:colcon.colcon_core.shell:Creating package script '/home/paolo/ros2_ws/install/robot_vision/share/robot_vision/package.bash'
[5.040s] INFO:colcon.colcon_core.shell:Creating package script '/home/paolo/ros2_ws/install/robot_vision/share/robot_vision/package.zsh'
[5.040s] Level 1:colcon.colcon_core.environment:create_file_with_runtime_dependencies(/home/paolo/ros2_ws/install/robot_vision/share/colcon-core/packages/robot_vision)
[5.041s] Level 1:colcon.colcon_core.environment:checking '/home/paolo/ros2_ws/install/puzzlebot' for CMake module files
[5.044s] DEBUG:colcon.colcon_core.event_handler.log_command:Invoked command in '/home/paolo/ros2_ws/src/puzzlebot' returned '0': PYTHONPATH=/home/paolo/ros2_ws/build/puzzlebot/prefix_override:/home/paolo/ros2_ws/install/puzzlebot/lib/python3.10/site-packages:${PYTHONPATH} /usr/bin/python3 -W ignore:setup.py install is deprecated setup.py egg_info --egg-base ../../build/puzzlebot build --build-base /home/paolo/ros2_ws/build/puzzlebot/build install --record /home/paolo/ros2_ws/build/puzzlebot/install.log --single-version-externally-managed install_data
[5.044s] Level 1:colcon.colcon_core.environment:checking '/home/paolo/ros2_ws/install/puzzlebot' for CMake config files
[5.045s] Level 1:colcon.colcon_core.environment:checking '/home/paolo/ros2_ws/install/puzzlebot/lib'
[5.045s] Level 1:colcon.colcon_core.environment:checking '/home/paolo/ros2_ws/install/puzzlebot/bin'
[5.045s] Level 1:colcon.colcon_core.environment:checking '/home/paolo/ros2_ws/install/puzzlebot/lib/pkgconfig/puzzlebot.pc'
[5.046s] Level 1:colcon.colcon_core.environment:checking '/home/paolo/ros2_ws/install/puzzlebot/lib/python3.10/site-packages'
[5.046s] Level 1:colcon.colcon_core.shell:create_environment_hook('puzzlebot', 'pythonpath')
[5.046s] INFO:colcon.colcon_core.shell:Creating environment hook '/home/paolo/ros2_ws/install/puzzlebot/share/puzzlebot/hook/pythonpath.ps1'
[5.047s] INFO:colcon.colcon_core.shell:Creating environment descriptor '/home/paolo/ros2_ws/install/puzzlebot/share/puzzlebot/hook/pythonpath.dsv'
[5.047s] INFO:colcon.colcon_core.shell:Creating environment hook '/home/paolo/ros2_ws/install/puzzlebot/share/puzzlebot/hook/pythonpath.sh'
[5.049s] Level 1:colcon.colcon_core.environment:checking '/home/paolo/ros2_ws/install/puzzlebot/bin'
[5.049s] Level 1:colcon.colcon_core.environment:create_environment_scripts_only(puzzlebot)
[5.050s] INFO:colcon.colcon_core.shell:Creating package script '/home/paolo/ros2_ws/install/puzzlebot/share/puzzlebot/package.ps1'
[5.052s] INFO:colcon.colcon_core.shell:Creating package descriptor '/home/paolo/ros2_ws/install/puzzlebot/share/puzzlebot/package.dsv'
[5.053s] INFO:colcon.colcon_core.shell:Creating package script '/home/paolo/ros2_ws/install/puzzlebot/share/puzzlebot/package.sh'
[5.053s] INFO:colcon.colcon_core.shell:Creating package script '/home/paolo/ros2_ws/install/puzzlebot/share/puzzlebot/package.bash'
[5.054s] INFO:colcon.colcon_core.shell:Creating package script '/home/paolo/ros2_ws/install/puzzlebot/share/puzzlebot/package.zsh'
[5.054s] Level 1:colcon.colcon_core.environment:create_file_with_runtime_dependencies(/home/paolo/ros2_ws/install/puzzlebot/share/colcon-core/packages/puzzlebot)
[5.056s] DEBUG:colcon.colcon_parallel_executor.executor.parallel:closing loop
[5.057s] DEBUG:colcon.colcon_parallel_executor.executor.parallel:loop closed
[5.057s] DEBUG:colcon.colcon_parallel_executor.executor.parallel:run_until_complete finished with '0'
[5.058s] DEBUG:colcon.colcon_core.event_reactor:joining thread
[5.757s] INFO:colcon.colcon_core.plugin_system:Skipping extension 'colcon_notification.desktop_notification.notify_send': Could not find 'notify-send'
[5.757s] INFO:colcon.colcon_core.plugin_system:Skipping extension 'colcon_notification.desktop_notification.terminal_notifier': Not used on non-Darwin systems
[5.757s] INFO:colcon.colcon_core.plugin_system:Skipping extension 'colcon_notification.desktop_notification.win32': Not used on non-Windows systems
[5.757s] INFO:colcon.colcon_notification.desktop_notification:Sending desktop notification using 'notify2'
[5.758s] DEBUG:colcon.colcon_notification.desktop_notification.notify2:Failed to initialize notify2: org.freedesktop.DBus.Error.FileNotFound: Failed to connect to socket /run/user/1000/bus: No such file or directory
[5.758s] DEBUG:colcon.colcon_core.event_reactor:joined thread
[5.759s] INFO:colcon.colcon_core.shell:Creating prefix script '/home/paolo/ros2_ws/install/local_setup.ps1'
[5.760s] INFO:colcon.colcon_core.shell:Creating prefix util module '/home/paolo/ros2_ws/install/_local_setup_util_ps1.py'
[5.762s] INFO:colcon.colcon_core.shell:Creating prefix chain script '/home/paolo/ros2_ws/install/setup.ps1'
[5.763s] INFO:colcon.colcon_core.shell:Creating prefix script '/home/paolo/ros2_ws/install/local_setup.sh'
[5.764s] INFO:colcon.colcon_core.shell:Creating prefix util module '/home/paolo/ros2_ws/install/_local_setup_util_sh.py'
[5.765s] INFO:colcon.colcon_core.shell:Creating prefix chain script '/home/paolo/ros2_ws/install/setup.sh'
[5.767s] INFO:colcon.colcon_core.shell:Creating prefix script '/home/paolo/ros2_ws/install/local_setup.bash'
[5.769s] INFO:colcon.colcon_core.shell:Creating prefix chain script '/home/paolo/ros2_ws/install/setup.bash'
[5.772s] INFO:colcon.colcon_core.shell:Creating prefix script '/home/paolo/ros2_ws/install/local_setup.zsh'
[5.773s] INFO:colcon.colcon_core.shell:Creating prefix chain script '/home/paolo/ros2_ws/install/setup.zsh'
