[2.783s] Invoking command in '/home/paolo/ros2_ws/src/robot_vision': PYTHONPATH=/home/paolo/ros2_ws/build/robot_vision/prefix_override:/home/paolo/ros2_ws/install/robot_vision/lib/python3.10/site-packages:${PYTHONPATH} /usr/bin/python3 -W ignore:setup.py install is deprecated setup.py egg_info --egg-base ../../build/robot_vision build --build-base /home/paolo/ros2_ws/build/robot_vision/build install --record /home/paolo/ros2_ws/build/robot_vision/install.log --single-version-externally-managed install_data
[3.261s] running egg_info
[3.286s] writing ../../build/robot_vision/robot_vision.egg-info/PKG-INFO
[3.288s] writing dependency_links to ../../build/robot_vision/robot_vision.egg-info/dependency_links.txt
[3.289s] writing entry points to ../../build/robot_vision/robot_vision.egg-info/entry_points.txt
[3.289s] writing requirements to ../../build/robot_vision/robot_vision.egg-info/requires.txt
[3.290s] writing top-level names to ../../build/robot_vision/robot_vision.egg-info/top_level.txt
[3.353s] reading manifest file '../../build/robot_vision/robot_vision.egg-info/SOURCES.txt'
[3.355s] writing manifest file '../../build/robot_vision/robot_vision.egg-info/SOURCES.txt'
[3.355s] running build
[3.356s] running build_py
[3.356s] copying robot_vision/line_follower.py -> /home/paolo/ros2_ws/build/robot_vision/build/lib/robot_vision
[3.356s] copying robot_vision/__init__.py -> /home/paolo/ros2_ws/build/robot_vision/build/lib/robot_vision
[3.356s] copying robot_vision/line_follower_v3.py -> /home/paolo/ros2_ws/build/robot_vision/build/lib/robot_vision
[3.357s] copying robot_vision/line_follower_v2.py -> /home/paolo/ros2_ws/build/robot_vision/build/lib/robot_vision
[3.357s] copying robot_vision/submodules/line_class.py -> /home/paolo/ros2_ws/build/robot_vision/build/lib/robot_vision/submodules
[3.357s] copying robot_vision/submodules/__init__.py -> /home/paolo/ros2_ws/build/robot_vision/build/lib/robot_vision/submodules
[3.358s] copying robot_vision/submodules/functions.py -> /home/paolo/ros2_ws/build/robot_vision/build/lib/robot_vision/submodules
[3.358s] running install
[3.370s] running install_lib
[3.401s] running install_data
[3.402s] copying resource/robot_vision -> /home/paolo/ros2_ws/install/robot_vision/share/ament_index/resource_index/packages
[3.402s] copying package.xml -> /home/paolo/ros2_ws/install/robot_vision/share/robot_vision
[3.402s] running install_egg_info
[3.435s] removing '/home/paolo/ros2_ws/install/robot_vision/lib/python3.10/site-packages/robot_vision-0.0.0-py3.10.egg-info' (and everything under it)
[3.436s] Copying ../../build/robot_vision/robot_vision.egg-info to /home/paolo/ros2_ws/install/robot_vision/lib/python3.10/site-packages/robot_vision-0.0.0-py3.10.egg-info
[3.438s] running install_scripts
[3.674s] Installing line_follower script to /home/paolo/ros2_ws/install/robot_vision/lib/robot_vision
[3.674s] Installing line_follower_v2 script to /home/paolo/ros2_ws/install/robot_vision/lib/robot_vision
[3.675s] Installing line_follower_v3 script to /home/paolo/ros2_ws/install/robot_vision/lib/robot_vision
[3.675s] writing list of installed files to '/home/paolo/ros2_ws/build/robot_vision/install.log'
[3.800s] Invoked command in '/home/paolo/ros2_ws/src/robot_vision' returned '0': PYTHONPATH=/home/paolo/ros2_ws/build/robot_vision/prefix_override:/home/paolo/ros2_ws/install/robot_vision/lib/python3.10/site-packages:${PYTHONPATH} /usr/bin/python3 -W ignore:setup.py install is deprecated setup.py egg_info --egg-base ../../build/robot_vision build --build-base /home/paolo/ros2_ws/build/robot_vision/build install --record /home/paolo/ros2_ws/build/robot_vision/install.log --single-version-externally-managed install_data
