[0.845s] DEBUG:colcon:Command line arguments: ['/usr/bin/colcon', 'build']
[0.846s] DEBUG:colcon:Parsed command line arguments: Namespace(log_base=None, log_level=None, verb_name='build', build_base='build', install_base='install', merge_install=False, symlink_install=False, test_result_base=None, continue_on_error=False, executor='parallel', parallel_workers=20, event_handlers=None, ignore_user_meta=False, metas=['./colcon.meta'], base_paths=['.'], packages_ignore=None, packages_ignore_regex=None, paths=None, packages_up_to=None, packages_up_to_regex=None, packages_above=None, packages_above_and_dependencies=None, packages_above_depth=None, packages_select_by_dep=None, packages_skip_by_dep=None, packages_skip_up_to=None, packages_select_build_failed=False, packages_skip_build_finished=False, packages_select_test_failures=False, packages_skip_test_passed=False, packages_select=None, packages_skip=None, packages_select_regex=None, packages_skip_regex=None, packages_start=None, packages_end=None, allow_overriding=[], cmake_args=None, cmake_target=None, cmake_target_skip_unavailable=False, cmake_clean_cache=False, cmake_clean_first=False, cmake_force_configure=False, ament_cmake_args=None, catkin_cmake_args=None, catkin_skip_building_tests=False, verb_parser=<colcon_defaults.argument_parser.defaults.DefaultArgumentsDecorator object at 0x7f3cd9b04460>, verb_extension=<colcon_core.verb.build.BuildVerb object at 0x7f3cd9c78340>, main=<bound method BuildVerb.main of <colcon_core.verb.build.BuildVerb object at 0x7f3cd9c78340>>)
[0.924s] Level 1:colcon.colcon_core.package_discovery:discover_packages(colcon_meta) check parameters
[0.924s] Level 1:colcon.colcon_core.package_discovery:discover_packages(recursive) check parameters
[0.924s] Level 1:colcon.colcon_core.package_discovery:discover_packages(ignore) check parameters
[0.925s] Level 1:colcon.colcon_core.package_discovery:discover_packages(path) check parameters
[0.925s] Level 1:colcon.colcon_core.package_discovery:discover_packages(colcon_meta) discover
[0.925s] Level 1:colcon.colcon_core.package_discovery:discover_packages(recursive) discover
[0.925s] INFO:colcon.colcon_core.package_discovery:Crawling recursively for packages in '/home/paolo/ros2_ws'
[0.925s] Level 1:colcon.colcon_core.package_identification:_identify(.) by extensions ['ignore', 'ignore_ament_install']
[0.925s] Level 1:colcon.colcon_core.package_identification:_identify(.) by extension 'ignore'
[0.925s] Level 1:colcon.colcon_core.package_identification:_identify(.) by extension 'ignore_ament_install'
[0.925s] Level 1:colcon.colcon_core.package_identification:_identify(.) by extensions ['colcon_pkg']
[0.925s] Level 1:colcon.colcon_core.package_identification:_identify(.) by extension 'colcon_pkg'
[0.925s] Level 1:colcon.colcon_core.package_identification:_identify(.) by extensions ['colcon_meta']
[0.926s] Level 1:colcon.colcon_core.package_identification:_identify(.) by extension 'colcon_meta'
[0.926s] Level 1:colcon.colcon_core.package_identification:_identify(.) by extensions ['ros']
[0.926s] Level 1:colcon.colcon_core.package_identification:_identify(.) by extension 'ros'
[0.954s] Level 1:colcon.colcon_core.package_identification:_identify(.) by extensions ['cmake', 'python']
[0.955s] Level 1:colcon.colcon_core.package_identification:_identify(.) by extension 'cmake'
[0.955s] Level 1:colcon.colcon_core.package_identification:_identify(.) by extension 'python'
[0.955s] Level 1:colcon.colcon_core.package_identification:_identify(.) by extensions ['python_setup_py']
[0.955s] Level 1:colcon.colcon_core.package_identification:_identify(.) by extension 'python_setup_py'
[0.955s] Level 1:colcon.colcon_core.package_identification:_identify(build) by extensions ['ignore', 'ignore_ament_install']
[0.955s] Level 1:colcon.colcon_core.package_identification:_identify(build) by extension 'ignore'
[0.955s] Level 1:colcon.colcon_core.package_identification:_identify(build) ignored
[0.956s] Level 1:colcon.colcon_core.package_identification:_identify(install) by extensions ['ignore', 'ignore_ament_install']
[0.956s] Level 1:colcon.colcon_core.package_identification:_identify(install) by extension 'ignore'
[0.956s] Level 1:colcon.colcon_core.package_identification:_identify(install) ignored
[0.956s] Level 1:colcon.colcon_core.package_identification:_identify(log) by extensions ['ignore', 'ignore_ament_install']
[0.956s] Level 1:colcon.colcon_core.package_identification:_identify(log) by extension 'ignore'
[0.956s] Level 1:colcon.colcon_core.package_identification:_identify(log) ignored
[0.956s] Level 1:colcon.colcon_core.package_identification:_identify(src) by extensions ['ignore', 'ignore_ament_install']
[0.956s] Level 1:colcon.colcon_core.package_identification:_identify(src) by extension 'ignore'
[0.956s] Level 1:colcon.colcon_core.package_identification:_identify(src) by extension 'ignore_ament_install'
[0.957s] Level 1:colcon.colcon_core.package_identification:_identify(src) by extensions ['colcon_pkg']
[0.957s] Level 1:colcon.colcon_core.package_identification:_identify(src) by extension 'colcon_pkg'
[0.957s] Level 1:colcon.colcon_core.package_identification:_identify(src) by extensions ['colcon_meta']
[0.957s] Level 1:colcon.colcon_core.package_identification:_identify(src) by extension 'colcon_meta'
[0.957s] Level 1:colcon.colcon_core.package_identification:_identify(src) by extensions ['ros']
[0.957s] Level 1:colcon.colcon_core.package_identification:_identify(src) by extension 'ros'
[0.957s] Level 1:colcon.colcon_core.package_identification:_identify(src) by extensions ['cmake', 'python']
[0.957s] Level 1:colcon.colcon_core.package_identification:_identify(src) by extension 'cmake'
[0.957s] Level 1:colcon.colcon_core.package_identification:_identify(src) by extension 'python'
[0.957s] Level 1:colcon.colcon_core.package_identification:_identify(src) by extensions ['python_setup_py']
[0.957s] Level 1:colcon.colcon_core.package_identification:_identify(src) by extension 'python_setup_py'
[0.957s] Level 1:colcon.colcon_core.package_identification:_identify(src/puzzlebot) by extensions ['ignore', 'ignore_ament_install']
[0.957s] Level 1:colcon.colcon_core.package_identification:_identify(src/puzzlebot) by extension 'ignore'
[0.957s] Level 1:colcon.colcon_core.package_identification:_identify(src/puzzlebot) by extension 'ignore_ament_install'
[0.958s] Level 1:colcon.colcon_core.package_identification:_identify(src/puzzlebot) by extensions ['colcon_pkg']
[0.958s] Level 1:colcon.colcon_core.package_identification:_identify(src/puzzlebot) by extension 'colcon_pkg'
[0.958s] Level 1:colcon.colcon_core.package_identification:_identify(src/puzzlebot) by extensions ['colcon_meta']
[0.958s] Level 1:colcon.colcon_core.package_identification:_identify(src/puzzlebot) by extension 'colcon_meta'
[0.958s] Level 1:colcon.colcon_core.package_identification:_identify(src/puzzlebot) by extensions ['ros']
[0.958s] Level 1:colcon.colcon_core.package_identification:_identify(src/puzzlebot) by extension 'ros'
[0.964s] DEBUG:colcon.colcon_core.package_identification:Package 'src/puzzlebot' with type 'ros.ament_python' and name 'puzzlebot'
[0.964s] Level 1:colcon.colcon_core.package_discovery:discover_packages(recursive) using defaults
[0.964s] Level 1:colcon.colcon_core.package_discovery:discover_packages(ignore) discover
[0.964s] Level 1:colcon.colcon_core.package_discovery:discover_packages(ignore) using defaults
[0.965s] Level 1:colcon.colcon_core.package_discovery:discover_packages(path) discover
[0.965s] Level 1:colcon.colcon_core.package_discovery:discover_packages(path) using defaults
[1.005s] Level 1:colcon.colcon_core.package_discovery:discover_packages(prefix_path) check parameters
[1.006s] Level 1:colcon.colcon_core.package_discovery:discover_packages(prefix_path) discover
[1.009s] DEBUG:colcon.colcon_installed_package_information.package_discovery:Found 1 installed packages in /home/paolo/ros2_ws/install
[1.012s] DEBUG:colcon.colcon_installed_package_information.package_discovery:Found 294 installed packages in /opt/ros/humble
[1.016s] Level 1:colcon.colcon_core.package_discovery:discover_packages(prefix_path) using defaults
[1.086s] Level 5:colcon.colcon_core.verb:set package 'puzzlebot' build argument 'cmake_args' from command line to 'None'
[1.086s] Level 5:colcon.colcon_core.verb:set package 'puzzlebot' build argument 'cmake_target' from command line to 'None'
[1.086s] Level 5:colcon.colcon_core.verb:set package 'puzzlebot' build argument 'cmake_target_skip_unavailable' from command line to 'False'
[1.086s] Level 5:colcon.colcon_core.verb:set package 'puzzlebot' build argument 'cmake_clean_cache' from command line to 'False'
[1.086s] Level 5:colcon.colcon_core.verb:set package 'puzzlebot' build argument 'cmake_clean_first' from command line to 'False'
[1.086s] Level 5:colcon.colcon_core.verb:set package 'puzzlebot' build argument 'cmake_force_configure' from command line to 'False'
[1.086s] Level 5:colcon.colcon_core.verb:set package 'puzzlebot' build argument 'ament_cmake_args' from command line to 'None'
[1.087s] Level 5:colcon.colcon_core.verb:set package 'puzzlebot' build argument 'catkin_cmake_args' from command line to 'None'
[1.087s] Level 5:colcon.colcon_core.verb:set package 'puzzlebot' build argument 'catkin_skip_building_tests' from command line to 'False'
[1.087s] DEBUG:colcon.colcon_core.verb:Building package 'puzzlebot' with the following arguments: {'ament_cmake_args': None, 'build_base': '/home/paolo/ros2_ws/build/puzzlebot', 'catkin_cmake_args': None, 'catkin_skip_building_tests': False, 'cmake_args': None, 'cmake_clean_cache': False, 'cmake_clean_first': False, 'cmake_force_configure': False, 'cmake_target': None, 'cmake_target_skip_unavailable': False, 'install_base': '/home/paolo/ros2_ws/install/puzzlebot', 'merge_install': False, 'path': '/home/paolo/ros2_ws/src/puzzlebot', 'symlink_install': False, 'test_result_base': None}
[1.087s] INFO:colcon.colcon_core.executor:Executing jobs using 'parallel' executor
[1.091s] DEBUG:colcon.colcon_parallel_executor.executor.parallel:run_until_complete
[1.091s] INFO:colcon.colcon_ros.task.ament_python.build:Building ROS package in '/home/paolo/ros2_ws/src/puzzlebot' with build type 'ament_python'
[1.092s] Level 1:colcon.colcon_core.shell:create_environment_hook('puzzlebot', 'ament_prefix_path')
[1.096s] INFO:colcon.colcon_core.plugin_system:Skipping extension 'colcon_core.shell.bat': Not used on non-Windows systems
[1.096s] INFO:colcon.colcon_core.shell:Creating environment hook '/home/paolo/ros2_ws/install/puzzlebot/share/puzzlebot/hook/ament_prefix_path.ps1'
[1.097s] INFO:colcon.colcon_core.shell:Creating environment descriptor '/home/paolo/ros2_ws/install/puzzlebot/share/puzzlebot/hook/ament_prefix_path.dsv'
[1.099s] INFO:colcon.colcon_core.shell:Creating environment hook '/home/paolo/ros2_ws/install/puzzlebot/share/puzzlebot/hook/ament_prefix_path.sh'
[1.102s] INFO:colcon.colcon_core.shell:Skip shell extension 'powershell' for command environment: Not usable outside of PowerShell
[1.103s] DEBUG:colcon.colcon_core.shell:Skip shell extension 'dsv' for command environment
[1.536s] INFO:colcon.colcon_core.task.python.build:Building Python package in '/home/paolo/ros2_ws/src/puzzlebot'
[1.536s] INFO:colcon.colcon_core.shell:Skip shell extension 'powershell' for command environment: Not usable outside of PowerShell
[1.536s] DEBUG:colcon.colcon_core.shell:Skip shell extension 'dsv' for command environment
[2.560s] DEBUG:colcon.colcon_core.event_handler.log_command:Invoking command in '/home/paolo/ros2_ws/src/puzzlebot': PYTHONPATH=/home/paolo/ros2_ws/build/puzzlebot/prefix_override:/home/paolo/ros2_ws/install/puzzlebot/lib/python3.10/site-packages:${PYTHONPATH} /usr/bin/python3 -W ignore:setup.py install is deprecated setup.py egg_info --egg-base ../../build/puzzlebot build --build-base /home/paolo/ros2_ws/build/puzzlebot/build install --record /home/paolo/ros2_ws/build/puzzlebot/install.log --single-version-externally-managed install_data
[3.389s] DEBUG:colcon.colcon_core.event_handler.log_command:Invoked command in '/home/paolo/ros2_ws/src/puzzlebot' returned '0': PYTHONPATH=/home/paolo/ros2_ws/build/puzzlebot/prefix_override:/home/paolo/ros2_ws/install/puzzlebot/lib/python3.10/site-packages:${PYTHONPATH} /usr/bin/python3 -W ignore:setup.py install is deprecated setup.py egg_info --egg-base ../../build/puzzlebot build --build-base /home/paolo/ros2_ws/build/puzzlebot/build install --record /home/paolo/ros2_ws/build/puzzlebot/install.log --single-version-externally-managed install_data
[3.393s] Level 1:colcon.colcon_core.environment:checking '/home/paolo/ros2_ws/install/puzzlebot' for CMake module files
[3.394s] Level 1:colcon.colcon_core.environment:checking '/home/paolo/ros2_ws/install/puzzlebot' for CMake config files
[3.395s] Level 1:colcon.colcon_core.environment:checking '/home/paolo/ros2_ws/install/puzzlebot/lib'
[3.396s] Level 1:colcon.colcon_core.environment:checking '/home/paolo/ros2_ws/install/puzzlebot/bin'
[3.396s] Level 1:colcon.colcon_core.environment:checking '/home/paolo/ros2_ws/install/puzzlebot/lib/pkgconfig/puzzlebot.pc'
[3.396s] Level 1:colcon.colcon_core.environment:checking '/home/paolo/ros2_ws/install/puzzlebot/lib/python3.10/site-packages'
[3.396s] Level 1:colcon.colcon_core.shell:create_environment_hook('puzzlebot', 'pythonpath')
[3.397s] INFO:colcon.colcon_core.shell:Creating environment hook '/home/paolo/ros2_ws/install/puzzlebot/share/puzzlebot/hook/pythonpath.ps1'
[3.397s] INFO:colcon.colcon_core.shell:Creating environment descriptor '/home/paolo/ros2_ws/install/puzzlebot/share/puzzlebot/hook/pythonpath.dsv'
[3.398s] INFO:colcon.colcon_core.shell:Creating environment hook '/home/paolo/ros2_ws/install/puzzlebot/share/puzzlebot/hook/pythonpath.sh'
[3.398s] Level 1:colcon.colcon_core.environment:checking '/home/paolo/ros2_ws/install/puzzlebot/bin'
[3.398s] Level 1:colcon.colcon_core.environment:create_environment_scripts_only(puzzlebot)
[3.399s] INFO:colcon.colcon_core.shell:Creating package script '/home/paolo/ros2_ws/install/puzzlebot/share/puzzlebot/package.ps1'
[3.400s] INFO:colcon.colcon_core.shell:Creating package descriptor '/home/paolo/ros2_ws/install/puzzlebot/share/puzzlebot/package.dsv'
[3.401s] INFO:colcon.colcon_core.shell:Creating package script '/home/paolo/ros2_ws/install/puzzlebot/share/puzzlebot/package.sh'
[3.405s] INFO:colcon.colcon_core.shell:Creating package script '/home/paolo/ros2_ws/install/puzzlebot/share/puzzlebot/package.bash'
[3.410s] INFO:colcon.colcon_core.shell:Creating package script '/home/paolo/ros2_ws/install/puzzlebot/share/puzzlebot/package.zsh'
[3.411s] Level 1:colcon.colcon_core.environment:create_file_with_runtime_dependencies(/home/paolo/ros2_ws/install/puzzlebot/share/colcon-core/packages/puzzlebot)
[3.412s] DEBUG:colcon.colcon_parallel_executor.executor.parallel:closing loop
[3.413s] DEBUG:colcon.colcon_parallel_executor.executor.parallel:loop closed
[3.413s] DEBUG:colcon.colcon_parallel_executor.executor.parallel:run_until_complete finished with '0'
[3.413s] DEBUG:colcon.colcon_core.event_reactor:joining thread
[3.743s] INFO:colcon.colcon_core.plugin_system:Skipping extension 'colcon_notification.desktop_notification.notify_send': Could not find 'notify-send'
[3.743s] INFO:colcon.colcon_core.plugin_system:Skipping extension 'colcon_notification.desktop_notification.terminal_notifier': Not used on non-Darwin systems
[3.743s] INFO:colcon.colcon_core.plugin_system:Skipping extension 'colcon_notification.desktop_notification.win32': Not used on non-Windows systems
[3.744s] INFO:colcon.colcon_notification.desktop_notification:Sending desktop notification using 'notify2'
[3.744s] DEBUG:colcon.colcon_notification.desktop_notification.notify2:Failed to initialize notify2: org.freedesktop.DBus.Error.FileNotFound: Failed to connect to socket /run/user/1000/bus: No such file or directory
[3.744s] DEBUG:colcon.colcon_core.event_reactor:joined thread
[3.745s] INFO:colcon.colcon_core.shell:Creating prefix script '/home/paolo/ros2_ws/install/local_setup.ps1'
[3.746s] INFO:colcon.colcon_core.shell:Creating prefix util module '/home/paolo/ros2_ws/install/_local_setup_util_ps1.py'
[3.748s] INFO:colcon.colcon_core.shell:Creating prefix chain script '/home/paolo/ros2_ws/install/setup.ps1'
[3.749s] INFO:colcon.colcon_core.shell:Creating prefix script '/home/paolo/ros2_ws/install/local_setup.sh'
[3.750s] INFO:colcon.colcon_core.shell:Creating prefix util module '/home/paolo/ros2_ws/install/_local_setup_util_sh.py'
[3.750s] INFO:colcon.colcon_core.shell:Creating prefix chain script '/home/paolo/ros2_ws/install/setup.sh'
[3.752s] INFO:colcon.colcon_core.shell:Creating prefix script '/home/paolo/ros2_ws/install/local_setup.bash'
[3.752s] INFO:colcon.colcon_core.shell:Creating prefix chain script '/home/paolo/ros2_ws/install/setup.bash'
[3.753s] INFO:colcon.colcon_core.shell:Creating prefix script '/home/paolo/ros2_ws/install/local_setup.zsh'
[3.754s] INFO:colcon.colcon_core.shell:Creating prefix chain script '/home/paolo/ros2_ws/install/setup.zsh'
