[1.225s] Invoking command in '/home/paolo/ros2_ws/src/puzzlebot': PYTHONPATH=/home/paolo/ros2_ws/build/puzzlebot/prefix_override:/home/paolo/ros2_ws/install/puzzlebot/lib/python3.10/site-packages:${PYTHONPATH} /usr/bin/python3 -W ignore:setup.py install is deprecated setup.py egg_info --egg-base ../../build/puzzlebot build --build-base /home/paolo/ros2_ws/build/puzzlebot/build install --record /home/paolo/ros2_ws/build/puzzlebot/install.log --single-version-externally-managed install_data
[1.499s] running egg_info
[1.514s] writing ../../build/puzzlebot/puzzlebot.egg-info/PKG-INFO
[1.514s] writing dependency_links to ../../build/puzzlebot/puzzlebot.egg-info/dependency_links.txt
[1.515s] writing entry points to ../../build/puzzlebot/puzzlebot.egg-info/entry_points.txt
[1.515s] writing requirements to ../../build/puzzlebot/puzzlebot.egg-info/requires.txt
[1.515s] writing top-level names to ../../build/puzzlebot/puzzlebot.egg-info/top_level.txt
[1.543s] reading manifest file '../../build/puzzlebot/puzzlebot.egg-info/SOURCES.txt'
[1.544s] adding license file 'LICENSE'
[1.544s] writing manifest file '../../build/puzzlebot/puzzlebot.egg-info/SOURCES.txt'
[1.544s] running build
[1.545s] running build_py
[1.546s] copying puzzlebot/wheel_transforms_publisher.py -> /home/paolo/ros2_ws/build/puzzlebot/build/lib/puzzlebot
[1.546s] copying puzzlebot/__init__.py -> /home/paolo/ros2_ws/build/puzzlebot/build/lib/puzzlebot
[1.546s] copying puzzlebot/hard_switch_control.py -> /home/paolo/ros2_ws/build/puzzlebot/build/lib/puzzlebot
[1.546s] copying puzzlebot/gazebo_topics_renamer.py -> /home/paolo/ros2_ws/build/puzzlebot/build/lib/puzzlebot
[1.547s] copying puzzlebot/submodules/topic_utils.py -> /home/paolo/ros2_ws/build/puzzlebot/build/lib/puzzlebot/submodules
[1.548s] copying puzzlebot/submodules/__init__.py -> /home/paolo/ros2_ws/build/puzzlebot/build/lib/puzzlebot/submodules
[1.548s] copying puzzlebot/submodules/units_utils.py -> /home/paolo/ros2_ws/build/puzzlebot/build/lib/puzzlebot/submodules
[1.550s] running install
[1.560s] running install_lib
[1.576s] copying /home/paolo/ros2_ws/build/puzzlebot/build/lib/puzzlebot/wheel_transforms_publisher.py -> /home/paolo/ros2_ws/install/puzzlebot/lib/python3.10/site-packages/puzzlebot
[1.576s] copying /home/paolo/ros2_ws/build/puzzlebot/build/lib/puzzlebot/submodules/topic_utils.py -> /home/paolo/ros2_ws/install/puzzlebot/lib/python3.10/site-packages/puzzlebot/submodules
[1.577s] copying /home/paolo/ros2_ws/build/puzzlebot/build/lib/puzzlebot/submodules/units_utils.py -> /home/paolo/ros2_ws/install/puzzlebot/lib/python3.10/site-packages/puzzlebot/submodules
[1.577s] copying /home/paolo/ros2_ws/build/puzzlebot/build/lib/puzzlebot/gazebo_topics_renamer.py -> /home/paolo/ros2_ws/install/puzzlebot/lib/python3.10/site-packages/puzzlebot
[1.578s] byte-compiling /home/paolo/ros2_ws/install/puzzlebot/lib/python3.10/site-packages/puzzlebot/wheel_transforms_publisher.py to wheel_transforms_publisher.cpython-310.pyc
[1.580s] byte-compiling /home/paolo/ros2_ws/install/puzzlebot/lib/python3.10/site-packages/puzzlebot/submodules/topic_utils.py to topic_utils.cpython-310.pyc
[1.580s] byte-compiling /home/paolo/ros2_ws/install/puzzlebot/lib/python3.10/site-packages/puzzlebot/submodules/units_utils.py to units_utils.cpython-310.pyc
[1.580s] byte-compiling /home/paolo/ros2_ws/install/puzzlebot/lib/python3.10/site-packages/puzzlebot/gazebo_topics_renamer.py to gazebo_topics_renamer.cpython-310.pyc
[1.581s] running install_data
[1.581s] copying resource/puzzlebot -> /home/paolo/ros2_ws/install/puzzlebot/share/ament_index/resource_index/packages
[1.581s] copying package.xml -> /home/paolo/ros2_ws/install/puzzlebot/share/puzzlebot
[1.582s] copying launch/hard_switch_obstacle_avoidance_launch.py -> /home/paolo/ros2_ws/install/puzzlebot/share/puzzlebot/launch
[1.582s] copying config/gazebo_topics_renamer.yaml -> /home/paolo/ros2_ws/install/puzzlebot/share/puzzlebot/config
[1.582s] copying config/wheel_transforms_publisher.yaml -> /home/paolo/ros2_ws/install/puzzlebot/share/puzzlebot/config
[1.583s] copying meshes/left_wheel.STL -> /home/paolo/ros2_ws/install/puzzlebot/share/puzzlebot/meshes
[1.584s] copying meshes/crazy_wheel.STL -> /home/paolo/ros2_ws/install/puzzlebot/share/puzzlebot/meshes
[1.584s] copying meshes/right_wheel.STL -> /home/paolo/ros2_ws/install/puzzlebot/share/puzzlebot/meshes
[1.585s] copying meshes/base_link.STL -> /home/paolo/ros2_ws/install/puzzlebot/share/puzzlebot/meshes
[1.600s] copying urdf/Puzzlebot.urdf -> /home/paolo/ros2_ws/install/puzzlebot/share/puzzlebot/urdf
[1.600s] running install_egg_info
[1.617s] removing '/home/paolo/ros2_ws/install/puzzlebot/lib/python3.10/site-packages/puzzlebot-0.0.0-py3.10.egg-info' (and everything under it)
[1.618s] Copying ../../build/puzzlebot/puzzlebot.egg-info to /home/paolo/ros2_ws/install/puzzlebot/lib/python3.10/site-packages/puzzlebot-0.0.0-py3.10.egg-info
[1.619s] running install_scripts
[1.745s] Installing gazebo_topics_renamer script to /home/paolo/ros2_ws/install/puzzlebot/lib/puzzlebot
[1.745s] Installing hard_switch_control script to /home/paolo/ros2_ws/install/puzzlebot/lib/puzzlebot
[1.745s] Installing wheel_transforms_publisher script to /home/paolo/ros2_ws/install/puzzlebot/lib/puzzlebot
[1.746s] writing list of installed files to '/home/paolo/ros2_ws/build/puzzlebot/install.log'
[1.918s] Invoked command in '/home/paolo/ros2_ws/src/puzzlebot' returned '0': PYTHONPATH=/home/paolo/ros2_ws/build/puzzlebot/prefix_override:/home/paolo/ros2_ws/install/puzzlebot/lib/python3.10/site-packages:${PYTHONPATH} /usr/bin/python3 -W ignore:setup.py install is deprecated setup.py egg_info --egg-base ../../build/puzzlebot build --build-base /home/paolo/ros2_ws/build/puzzlebot/build install --record /home/paolo/ros2_ws/build/puzzlebot/install.log --single-version-externally-managed install_data
