[1.593s] Invoking command in '/home/paolo/ros2_ws/src/puzzlebot': PYTHONPATH=/home/paolo/ros2_ws/build/puzzlebot/prefix_override:/home/paolo/ros2_ws/install/puzzlebot/lib/python3.10/site-packages:${PYTHONPATH} /usr/bin/python3 -W ignore:setup.py install is deprecated setup.py egg_info --egg-base ../../build/puzzlebot build --build-base /home/paolo/ros2_ws/build/puzzlebot/build install --record /home/paolo/ros2_ws/build/puzzlebot/install.log --single-version-externally-managed install_data
[2.101s] running egg_info
[2.132s] writing ../../build/puzzlebot/puzzlebot.egg-info/PKG-INFO
[2.133s] writing dependency_links to ../../build/puzzlebot/puzzlebot.egg-info/dependency_links.txt
[2.135s] writing entry points to ../../build/puzzlebot/puzzlebot.egg-info/entry_points.txt
[2.137s] writing requirements to ../../build/puzzlebot/puzzlebot.egg-info/requires.txt
[2.138s] writing top-level names to ../../build/puzzlebot/puzzlebot.egg-info/top_level.txt
[2.184s] reading manifest file '../../build/puzzlebot/puzzlebot.egg-info/SOURCES.txt'
[2.185s] adding license file 'LICENSE'
[2.186s] writing manifest file '../../build/puzzlebot/puzzlebot.egg-info/SOURCES.txt'
[2.187s] running build
[2.188s] running build_py
[2.188s] copying puzzlebot/__init__.py -> /home/paolo/ros2_ws/build/puzzlebot/build/lib/puzzlebot
[2.189s] copying puzzlebot/hard_switch_control.py -> /home/paolo/ros2_ws/build/puzzlebot/build/lib/puzzlebot
[2.189s] copying puzzlebot/gazebo_topics_renamer.py -> /home/paolo/ros2_ws/build/puzzlebot/build/lib/puzzlebot
[2.189s] running install
[2.198s] running install_lib
[2.224s] copying /home/paolo/ros2_ws/build/puzzlebot/build/lib/puzzlebot/hard_switch_control.py -> /home/paolo/ros2_ws/install/puzzlebot/lib/python3.10/site-packages/puzzlebot
[2.225s] byte-compiling /home/paolo/ros2_ws/install/puzzlebot/lib/python3.10/site-packages/puzzlebot/hard_switch_control.py to hard_switch_control.cpython-310.pyc
[2.227s] running install_data
[2.227s] copying resource/puzzlebot -> /home/paolo/ros2_ws/install/puzzlebot/share/ament_index/resource_index/packages
[2.227s] copying package.xml -> /home/paolo/ros2_ws/install/puzzlebot/share/puzzlebot
[2.228s] copying launch/hard_switch_obstacle_avoidance_launch.py -> /home/paolo/ros2_ws/install/puzzlebot/share/puzzlebot/launch
[2.228s] copying config/params.yaml -> /home/paolo/ros2_ws/install/puzzlebot/share/puzzlebot/config
[2.228s] copying meshes/Crazy_Wheel.STL -> /home/paolo/ros2_ws/install/puzzlebot/share/puzzlebot/meshes
[2.229s] copying meshes/Left_Wheel.STL -> /home/paolo/ros2_ws/install/puzzlebot/share/puzzlebot/meshes
[2.230s] copying meshes/base_link.STL -> /home/paolo/ros2_ws/install/puzzlebot/share/puzzlebot/meshes
[2.247s] copying meshes/Right_Wheel.STL -> /home/paolo/ros2_ws/install/puzzlebot/share/puzzlebot/meshes
[2.248s] copying urdf/Puzzlebot.urdf -> /home/paolo/ros2_ws/install/puzzlebot/share/puzzlebot/urdf
[2.249s] running install_egg_info
[2.278s] removing '/home/paolo/ros2_ws/install/puzzlebot/lib/python3.10/site-packages/puzzlebot-0.0.0-py3.10.egg-info' (and everything under it)
[2.279s] Copying ../../build/puzzlebot/puzzlebot.egg-info to /home/paolo/ros2_ws/install/puzzlebot/lib/python3.10/site-packages/puzzlebot-0.0.0-py3.10.egg-info
[2.280s] running install_scripts
[2.513s] Installing gazebo_topics_renamer script to /home/paolo/ros2_ws/install/puzzlebot/lib/puzzlebot
[2.517s] Installing hard_switch_control script to /home/paolo/ros2_ws/install/puzzlebot/lib/puzzlebot
[2.518s] writing list of installed files to '/home/paolo/ros2_ws/build/puzzlebot/install.log'
[2.594s] Invoked command in '/home/paolo/ros2_ws/src/puzzlebot' returned '0': PYTHONPATH=/home/paolo/ros2_ws/build/puzzlebot/prefix_override:/home/paolo/ros2_ws/install/puzzlebot/lib/python3.10/site-packages:${PYTHONPATH} /usr/bin/python3 -W ignore:setup.py install is deprecated setup.py egg_info --egg-base ../../build/puzzlebot build --build-base /home/paolo/ros2_ws/build/puzzlebot/build install --record /home/paolo/ros2_ws/build/puzzlebot/install.log --single-version-externally-managed install_data
