[1.323s] Invoking command in '/home/paolo/ros2_ws/src/line_follower': PYTHONPATH=/home/paolo/ros2_ws/build/line_follower/prefix_override:/home/paolo/ros2_ws/install/line_follower/lib/python3.10/site-packages:${PYTHONPATH} /usr/bin/python3 -W ignore:setup.py install is deprecated setup.py egg_info --egg-base ../../build/line_follower build --build-base /home/paolo/ros2_ws/build/line_follower/build install --record /home/paolo/ros2_ws/build/line_follower/install.log --single-version-externally-managed install_data
[1.580s] running egg_info
[1.594s] writing ../../build/line_follower/line_follower.egg-info/PKG-INFO
[1.595s] writing dependency_links to ../../build/line_follower/line_follower.egg-info/dependency_links.txt
[1.595s] writing entry points to ../../build/line_follower/line_follower.egg-info/entry_points.txt
[1.595s] writing requirements to ../../build/line_follower/line_follower.egg-info/requires.txt
[1.595s] writing top-level names to ../../build/line_follower/line_follower.egg-info/top_level.txt
[1.623s] reading manifest file '../../build/line_follower/line_follower.egg-info/SOURCES.txt'
[1.624s] writing manifest file '../../build/line_follower/line_follower.egg-info/SOURCES.txt'
[1.625s] running build
[1.625s] running build_py
[1.625s] copying line_follower/traffic_light_identification.py -> /home/paolo/ros2_ws/build/line_follower/build/lib/line_follower
[1.626s] copying line_follower/line_follower.py -> /home/paolo/ros2_ws/build/line_follower/build/lib/line_follower
[1.627s] running install
[1.631s] running install_lib
[1.645s] running install_data
[1.645s] copying launch/line_follower_launch.py -> /home/paolo/ros2_ws/install/line_follower/share/line_follower/launch
[1.645s] copying config/traffic_lights.yaml -> /home/paolo/ros2_ws/install/line_follower/share/line_follower/config
[1.645s] running install_egg_info
[1.659s] removing '/home/paolo/ros2_ws/install/line_follower/lib/python3.10/site-packages/line_follower-0.0.0-py3.10.egg-info' (and everything under it)
[1.660s] Copying ../../build/line_follower/line_follower.egg-info to /home/paolo/ros2_ws/install/line_follower/lib/python3.10/site-packages/line_follower-0.0.0-py3.10.egg-info
[1.660s] running install_scripts
[1.800s] Installing line_follower script to /home/paolo/ros2_ws/install/line_follower/lib/line_follower
[1.801s] Installing traffic_light_identification script to /home/paolo/ros2_ws/install/line_follower/lib/line_follower
[1.801s] writing list of installed files to '/home/paolo/ros2_ws/build/line_follower/install.log'
[1.865s] Invoked command in '/home/paolo/ros2_ws/src/line_follower' returned '0': PYTHONPATH=/home/paolo/ros2_ws/build/line_follower/prefix_override:/home/paolo/ros2_ws/install/line_follower/lib/python3.10/site-packages:${PYTHONPATH} /usr/bin/python3 -W ignore:setup.py install is deprecated setup.py egg_info --egg-base ../../build/line_follower build --build-base /home/paolo/ros2_ws/build/line_follower/build install --record /home/paolo/ros2_ws/build/line_follower/install.log --single-version-externally-managed install_data
