[2.620s] Invoking command in '/home/paolo/ros2_ws/src/robot_vision': PYTHONPATH=/home/paolo/ros2_ws/build/robot_vision/prefix_override:/home/paolo/ros2_ws/install/robot_vision/lib/python3.10/site-packages:${PYTHONPATH} /usr/bin/python3 -W ignore:setup.py install is deprecated setup.py egg_info --egg-base ../../build/robot_vision build --build-base /home/paolo/ros2_ws/build/robot_vision/build install --record /home/paolo/ros2_ws/build/robot_vision/install.log --single-version-externally-managed install_data
[2.846s] running egg_info
[2.854s] writing ../../build/robot_vision/robot_vision.egg-info/PKG-INFO
[2.856s] writing dependency_links to ../../build/robot_vision/robot_vision.egg-info/dependency_links.txt
[2.856s] writing entry points to ../../build/robot_vision/robot_vision.egg-info/entry_points.txt
[2.857s] writing requirements to ../../build/robot_vision/robot_vision.egg-info/requires.txt
[2.857s] writing top-level names to ../../build/robot_vision/robot_vision.egg-info/top_level.txt
[2.881s] reading manifest file '../../build/robot_vision/robot_vision.egg-info/SOURCES.txt'
[2.881s] writing manifest file '../../build/robot_vision/robot_vision.egg-info/SOURCES.txt'
[2.881s] running build
[2.882s] running build_py
[2.882s] copying robot_vision/line_follower.py -> /home/paolo/ros2_ws/build/robot_vision/build/lib/robot_vision
[2.882s] copying robot_vision/__init__.py -> /home/paolo/ros2_ws/build/robot_vision/build/lib/robot_vision
[2.882s] copying robot_vision/line_follower_v3.py -> /home/paolo/ros2_ws/build/robot_vision/build/lib/robot_vision
[2.882s] copying robot_vision/line_follower_v2.py -> /home/paolo/ros2_ws/build/robot_vision/build/lib/robot_vision
[2.882s] copying robot_vision/submodules/line_class.py -> /home/paolo/ros2_ws/build/robot_vision/build/lib/robot_vision/submodules
[2.882s] copying robot_vision/submodules/__init__.py -> /home/paolo/ros2_ws/build/robot_vision/build/lib/robot_vision/submodules
[2.882s] copying robot_vision/submodules/functions.py -> /home/paolo/ros2_ws/build/robot_vision/build/lib/robot_vision/submodules
[2.882s] running install
[2.886s] running install_lib
[2.900s] running install_data
[2.901s] copying resource/robot_vision -> /home/paolo/ros2_ws/install/robot_vision/share/ament_index/resource_index/packages
[2.901s] copying package.xml -> /home/paolo/ros2_ws/install/robot_vision/share/robot_vision
[2.901s] running install_egg_info
[2.916s] removing '/home/paolo/ros2_ws/install/robot_vision/lib/python3.10/site-packages/robot_vision-0.0.0-py3.10.egg-info' (and everything under it)
[2.917s] Copying ../../build/robot_vision/robot_vision.egg-info to /home/paolo/ros2_ws/install/robot_vision/lib/python3.10/site-packages/robot_vision-0.0.0-py3.10.egg-info
[2.917s] running install_scripts
[3.033s] Installing line_follower script to /home/paolo/ros2_ws/install/robot_vision/lib/robot_vision
[3.033s] Installing line_follower_v2 script to /home/paolo/ros2_ws/install/robot_vision/lib/robot_vision
[3.034s] Installing line_follower_v3 script to /home/paolo/ros2_ws/install/robot_vision/lib/robot_vision
[3.034s] writing list of installed files to '/home/paolo/ros2_ws/build/robot_vision/install.log'
[3.094s] Invoked command in '/home/paolo/ros2_ws/src/robot_vision' returned '0': PYTHONPATH=/home/paolo/ros2_ws/build/robot_vision/prefix_override:/home/paolo/ros2_ws/install/robot_vision/lib/python3.10/site-packages:${PYTHONPATH} /usr/bin/python3 -W ignore:setup.py install is deprecated setup.py egg_info --egg-base ../../build/robot_vision build --build-base /home/paolo/ros2_ws/build/robot_vision/build install --record /home/paolo/ros2_ws/build/robot_vision/install.log --single-version-externally-managed install_data
