[0.455s] Invoking command in '/home/paolo/ros2_ws/src/line_follower': PYTHONPATH=/home/paolo/ros2_ws/build/line_follower/prefix_override:/home/paolo/ros2_ws/install/line_follower/lib/python3.10/site-packages:${PYTHONPATH} /usr/bin/python3 -W ignore:setup.py install is deprecated setup.py egg_info --egg-base ../../build/line_follower build --build-base /home/paolo/ros2_ws/build/line_follower/build install --record /home/paolo/ros2_ws/build/line_follower/install.log --single-version-externally-managed install_data
[0.567s] running egg_info
[0.567s] writing ../../build/line_follower/line_follower.egg-info/PKG-INFO
[0.568s] writing dependency_links to ../../build/line_follower/line_follower.egg-info/dependency_links.txt
[0.568s] writing entry points to ../../build/line_follower/line_follower.egg-info/entry_points.txt
[0.568s] writing requirements to ../../build/line_follower/line_follower.egg-info/requires.txt
[0.568s] writing top-level names to ../../build/line_follower/line_follower.egg-info/top_level.txt
[0.568s] reading manifest file '../../build/line_follower/line_follower.egg-info/SOURCES.txt'
[0.569s] writing manifest file '../../build/line_follower/line_follower.egg-info/SOURCES.txt'
[0.569s] running build
[0.569s] running build_py
[0.569s] copying line_follower/traffic_light_identification.py -> /home/paolo/ros2_ws/build/line_follower/build/lib/line_follower
[0.569s] running install
[0.569s] running install_lib
[0.570s] copying /home/paolo/ros2_ws/build/line_follower/build/lib/line_follower/traffic_light_identification.py -> /home/paolo/ros2_ws/install/line_follower/lib/python3.10/site-packages/line_follower
[0.570s] byte-compiling /home/paolo/ros2_ws/install/line_follower/lib/python3.10/site-packages/line_follower/traffic_light_identification.py to traffic_light_identification.cpython-310.pyc
[0.570s] running install_data
[0.570s] running install_egg_info
[0.571s] removing '/home/paolo/ros2_ws/install/line_follower/lib/python3.10/site-packages/line_follower-0.0.0-py3.10.egg-info' (and everything under it)
[0.571s] Copying ../../build/line_follower/line_follower.egg-info to /home/paolo/ros2_ws/install/line_follower/lib/python3.10/site-packages/line_follower-0.0.0-py3.10.egg-info
[0.572s] running install_scripts
[0.583s] Installing traffic_light_identification script to /home/paolo/ros2_ws/install/line_follower/lib/line_follower
[0.584s] writing list of installed files to '/home/paolo/ros2_ws/build/line_follower/install.log'
[0.597s] Invoked command in '/home/paolo/ros2_ws/src/line_follower' returned '0': PYTHONPATH=/home/paolo/ros2_ws/build/line_follower/prefix_override:/home/paolo/ros2_ws/install/line_follower/lib/python3.10/site-packages:${PYTHONPATH} /usr/bin/python3 -W ignore:setup.py install is deprecated setup.py egg_info --egg-base ../../build/line_follower build --build-base /home/paolo/ros2_ws/build/line_follower/build install --record /home/paolo/ros2_ws/build/line_follower/install.log --single-version-externally-managed install_data
