[1.258s] Invoking command in '/home/paolo/ros2_ws/src/puzzlebot': PYTHONPATH=/home/paolo/ros2_ws/build/puzzlebot/prefix_override:/home/paolo/ros2_ws/install/puzzlebot/lib/python3.10/site-packages:${PYTHONPATH} /usr/bin/python3 -W ignore:setup.py install is deprecated setup.py egg_info --egg-base ../../build/puzzlebot build --build-base /home/paolo/ros2_ws/build/puzzlebot/build install --record /home/paolo/ros2_ws/build/puzzlebot/install.log --single-version-externally-managed install_data
[1.560s] running egg_info
[1.572s] writing ../../build/puzzlebot/puzzlebot.egg-info/PKG-INFO
[1.573s] writing dependency_links to ../../build/puzzlebot/puzzlebot.egg-info/dependency_links.txt
[1.574s] writing entry points to ../../build/puzzlebot/puzzlebot.egg-info/entry_points.txt
[1.574s] writing requirements to ../../build/puzzlebot/puzzlebot.egg-info/requires.txt
[1.574s] writing top-level names to ../../build/puzzlebot/puzzlebot.egg-info/top_level.txt
[1.602s] reading manifest file '../../build/puzzlebot/puzzlebot.egg-info/SOURCES.txt'
[1.602s] adding license file 'LICENSE'
[1.603s] writing manifest file '../../build/puzzlebot/puzzlebot.egg-info/SOURCES.txt'
[1.604s] running build
[1.604s] running build_py
[1.604s] copying puzzlebot/wheel_transforms_publisher.py -> /home/paolo/ros2_ws/build/puzzlebot/build/lib/puzzlebot
[1.605s] copying puzzlebot/__init__.py -> /home/paolo/ros2_ws/build/puzzlebot/build/lib/puzzlebot
[1.605s] copying puzzlebot/hard_switch_control.py -> /home/paolo/ros2_ws/build/puzzlebot/build/lib/puzzlebot
[1.605s] copying puzzlebot/gazebo_topics_renamer.py -> /home/paolo/ros2_ws/build/puzzlebot/build/lib/puzzlebot
[1.605s] running install
[1.613s] running install_lib
[1.627s] copying /home/paolo/ros2_ws/build/puzzlebot/build/lib/puzzlebot/wheel_transforms_publisher.py -> /home/paolo/ros2_ws/install/puzzlebot/lib/python3.10/site-packages/puzzlebot
[1.627s] copying /home/paolo/ros2_ws/build/puzzlebot/build/lib/puzzlebot/gazebo_topics_renamer.py -> /home/paolo/ros2_ws/install/puzzlebot/lib/python3.10/site-packages/puzzlebot
[1.628s] byte-compiling /home/paolo/ros2_ws/install/puzzlebot/lib/python3.10/site-packages/puzzlebot/wheel_transforms_publisher.py to wheel_transforms_publisher.cpython-310.pyc
[1.629s] byte-compiling /home/paolo/ros2_ws/install/puzzlebot/lib/python3.10/site-packages/puzzlebot/gazebo_topics_renamer.py to gazebo_topics_renamer.cpython-310.pyc
[1.630s] running install_data
[1.631s] copying resource/puzzlebot -> /home/paolo/ros2_ws/install/puzzlebot/share/ament_index/resource_index/packages
[1.631s] copying package.xml -> /home/paolo/ros2_ws/install/puzzlebot/share/puzzlebot
[1.631s] copying launch/hard_switch_obstacle_avoidance_launch.py -> /home/paolo/ros2_ws/install/puzzlebot/share/puzzlebot/launch
[1.631s] copying config/params.yaml -> /home/paolo/ros2_ws/install/puzzlebot/share/puzzlebot/config
[1.631s] copying meshes/Crazy_Wheel.STL -> /home/paolo/ros2_ws/install/puzzlebot/share/puzzlebot/meshes
[1.632s] copying meshes/Left_Wheel.STL -> /home/paolo/ros2_ws/install/puzzlebot/share/puzzlebot/meshes
[1.633s] copying meshes/base_link.STL -> /home/paolo/ros2_ws/install/puzzlebot/share/puzzlebot/meshes
[1.649s] copying meshes/Right_Wheel.STL -> /home/paolo/ros2_ws/install/puzzlebot/share/puzzlebot/meshes
[1.650s] copying urdf/Puzzlebot.urdf -> /home/paolo/ros2_ws/install/puzzlebot/share/puzzlebot/urdf
[1.650s] running install_egg_info
[1.664s] removing '/home/paolo/ros2_ws/install/puzzlebot/lib/python3.10/site-packages/puzzlebot-0.0.0-py3.10.egg-info' (and everything under it)
[1.664s] Copying ../../build/puzzlebot/puzzlebot.egg-info to /home/paolo/ros2_ws/install/puzzlebot/lib/python3.10/site-packages/puzzlebot-0.0.0-py3.10.egg-info
[1.665s] running install_scripts
[1.794s] Installing gazebo_topics_renamer script to /home/paolo/ros2_ws/install/puzzlebot/lib/puzzlebot
[1.794s] Installing hard_switch_control script to /home/paolo/ros2_ws/install/puzzlebot/lib/puzzlebot
[1.794s] Installing wheel_transforms_publisher script to /home/paolo/ros2_ws/install/puzzlebot/lib/puzzlebot
[1.795s] writing list of installed files to '/home/paolo/ros2_ws/build/puzzlebot/install.log'
[1.952s] Invoked command in '/home/paolo/ros2_ws/src/puzzlebot' returned '0': PYTHONPATH=/home/paolo/ros2_ws/build/puzzlebot/prefix_override:/home/paolo/ros2_ws/install/puzzlebot/lib/python3.10/site-packages:${PYTHONPATH} /usr/bin/python3 -W ignore:setup.py install is deprecated setup.py egg_info --egg-base ../../build/puzzlebot build --build-base /home/paolo/ros2_ws/build/puzzlebot/build install --record /home/paolo/ros2_ws/build/puzzlebot/install.log --single-version-externally-managed install_data
