running egg_info
writing ../../build/line_follower/line_follower.egg-info/PKG-INFO
writing dependency_links to ../../build/line_follower/line_follower.egg-info/dependency_links.txt
writing entry points to ../../build/line_follower/line_follower.egg-info/entry_points.txt
writing requirements to ../../build/line_follower/line_follower.egg-info/requires.txt
writing top-level names to ../../build/line_follower/line_follower.egg-info/top_level.txt
reading manifest file '../../build/line_follower/line_follower.egg-info/SOURCES.txt'
writing manifest file '../../build/line_follower/line_follower.egg-info/SOURCES.txt'
running build
running build_py
copying line_follower/traffic_light_identification.py -> /home/paolo/ros2_ws/build/line_follower/build/lib/line_follower
copying line_follower/line_follower.py -> /home/paolo/ros2_ws/build/line_follower/build/lib/line_follower
running install
running install_lib
copying /home/paolo/ros2_ws/build/line_follower/build/lib/line_follower/traffic_light_identification.py -> /home/paolo/ros2_ws/install/line_follower/lib/python3.10/site-packages/line_follower
byte-compiling /home/paolo/ros2_ws/install/line_follower/lib/python3.10/site-packages/line_follower/traffic_light_identification.py to traffic_light_identification.cpython-310.pyc
running install_data
copying launch/line_follower_launch.py -> /home/paolo/ros2_ws/install/line_follower/share/line_follower/launch
copying config/traffic_lights.yaml -> /home/paolo/ros2_ws/install/line_follower/share/line_follower/config
running install_egg_info
removing '/home/paolo/ros2_ws/install/line_follower/lib/python3.10/site-packages/line_follower-0.0.0-py3.10.egg-info' (and everything under it)
Copying ../../build/line_follower/line_follower.egg-info to /home/paolo/ros2_ws/install/line_follower/lib/python3.10/site-packages/line_follower-0.0.0-py3.10.egg-info
running install_scripts
Installing line_follower script to /home/paolo/ros2_ws/install/line_follower/lib/line_follower
Installing traffic_light_identification script to /home/paolo/ros2_ws/install/line_follower/lib/line_follower
writing list of installed files to '/home/paolo/ros2_ws/build/line_follower/install.log'
