[0.733s] Invoking command in '/home/paolo/ros2_ws/src/line_follower': PYTHONPATH=/home/paolo/ros2_ws/build/line_follower/prefix_override:/home/paolo/ros2_ws/install/line_follower/lib/python3.10/site-packages:${PYTHONPATH} /usr/bin/python3 -W ignore:setup.py install is deprecated setup.py egg_info --egg-base ../../build/line_follower build --build-base /home/paolo/ros2_ws/build/line_follower/build install --record /home/paolo/ros2_ws/build/line_follower/install.log --single-version-externally-managed install_data
[0.854s] running egg_info
[0.860s] writing ../../build/line_follower/line_follower.egg-info/PKG-INFO
[0.861s] writing dependency_links to ../../build/line_follower/line_follower.egg-info/dependency_links.txt
[0.861s] writing entry points to ../../build/line_follower/line_follower.egg-info/entry_points.txt
[0.861s] writing requirements to ../../build/line_follower/line_follower.egg-info/requires.txt
[0.861s] writing top-level names to ../../build/line_follower/line_follower.egg-info/top_level.txt
[0.876s] reading manifest file '../../build/line_follower/line_follower.egg-info/SOURCES.txt'
[0.877s] writing manifest file '../../build/line_follower/line_follower.egg-info/SOURCES.txt'
[0.877s] running build
[0.877s] running build_py
[0.877s] copying line_follower/traffic_light_identification.py -> /home/paolo/ros2_ws/build/line_follower/build/lib/line_follower
[0.877s] copying line_follower/line_follower.py -> /home/paolo/ros2_ws/build/line_follower/build/lib/line_follower
[0.878s] running install
[0.880s] running install_lib
[0.887s] copying /home/paolo/ros2_ws/build/line_follower/build/lib/line_follower/traffic_light_identification.py -> /home/paolo/ros2_ws/install/line_follower/lib/python3.10/site-packages/line_follower
[0.888s] byte-compiling /home/paolo/ros2_ws/install/line_follower/lib/python3.10/site-packages/line_follower/traffic_light_identification.py to traffic_light_identification.cpython-310.pyc
[0.888s] running install_data
[0.888s] copying launch/line_follower_launch.py -> /home/paolo/ros2_ws/install/line_follower/share/line_follower/launch
[0.888s] copying config/traffic_lights.yaml -> /home/paolo/ros2_ws/install/line_follower/share/line_follower/config
[0.889s] running install_egg_info
[0.895s] removing '/home/paolo/ros2_ws/install/line_follower/lib/python3.10/site-packages/line_follower-0.0.0-py3.10.egg-info' (and everything under it)
[0.896s] Copying ../../build/line_follower/line_follower.egg-info to /home/paolo/ros2_ws/install/line_follower/lib/python3.10/site-packages/line_follower-0.0.0-py3.10.egg-info
[0.896s] running install_scripts
[0.954s] Installing line_follower script to /home/paolo/ros2_ws/install/line_follower/lib/line_follower
[0.954s] Installing traffic_light_identification script to /home/paolo/ros2_ws/install/line_follower/lib/line_follower
[0.954s] writing list of installed files to '/home/paolo/ros2_ws/build/line_follower/install.log'
[0.972s] Invoked command in '/home/paolo/ros2_ws/src/line_follower' returned '0': PYTHONPATH=/home/paolo/ros2_ws/build/line_follower/prefix_override:/home/paolo/ros2_ws/install/line_follower/lib/python3.10/site-packages:${PYTHONPATH} /usr/bin/python3 -W ignore:setup.py install is deprecated setup.py egg_info --egg-base ../../build/line_follower build --build-base /home/paolo/ros2_ws/build/line_follower/build install --record /home/paolo/ros2_ws/build/line_follower/install.log --single-version-externally-managed install_data
