[0.608s] Invoking command in '/home/paolo/ros2_ws/src/puzzlebot': PYTHONPATH=/home/paolo/ros2_ws/build/puzzlebot/prefix_override:/home/paolo/ros2_ws/install/puzzlebot/lib/python3.10/site-packages:${PYTHONPATH} /usr/bin/python3 -W ignore:setup.py install is deprecated setup.py egg_info --egg-base ../../build/puzzlebot build --build-base /home/paolo/ros2_ws/build/puzzlebot/build install --record /home/paolo/ros2_ws/build/puzzlebot/install.log --single-version-externally-managed install_data
[0.784s] running egg_info
[0.796s] writing ../../build/puzzlebot/puzzlebot.egg-info/PKG-INFO
[0.796s] writing dependency_links to ../../build/puzzlebot/puzzlebot.egg-info/dependency_links.txt
[0.797s] writing entry points to ../../build/puzzlebot/puzzlebot.egg-info/entry_points.txt
[0.797s] writing requirements to ../../build/puzzlebot/puzzlebot.egg-info/requires.txt
[0.797s] writing top-level names to ../../build/puzzlebot/puzzlebot.egg-info/top_level.txt
[0.817s] reading manifest file '../../build/puzzlebot/puzzlebot.egg-info/SOURCES.txt'
[0.817s] adding license file 'LICENSE'
[0.817s] writing manifest file '../../build/puzzlebot/puzzlebot.egg-info/SOURCES.txt'
[0.817s] running build
[0.817s] running build_py
[0.817s] copying puzzlebot/__init__.py -> /home/paolo/ros2_ws/build/puzzlebot/build/lib/puzzlebot
[0.817s] copying puzzlebot/hard_switch_control.py -> /home/paolo/ros2_ws/build/puzzlebot/build/lib/puzzlebot
[0.817s] copying puzzlebot/gazebo_topics_renamer.py -> /home/paolo/ros2_ws/build/puzzlebot/build/lib/puzzlebot
[0.817s] running install
[0.823s] running install_lib
[0.831s] running install_data
[0.832s] copying resource/puzzlebot -> /home/paolo/ros2_ws/install/puzzlebot/share/ament_index/resource_index/packages
[0.832s] copying package.xml -> /home/paolo/ros2_ws/install/puzzlebot/share/puzzlebot
[0.832s] copying launch/hard_switch_obstacle_avoidance_launch.py -> /home/paolo/ros2_ws/install/puzzlebot/share/puzzlebot/launch
[0.832s] copying meshes/Crazy_Wheel.STL -> /home/paolo/ros2_ws/install/puzzlebot/share/puzzlebot/meshes
[0.832s] copying meshes/Left_Wheel.STL -> /home/paolo/ros2_ws/install/puzzlebot/share/puzzlebot/meshes
[0.832s] copying meshes/base_link.STL -> /home/paolo/ros2_ws/install/puzzlebot/share/puzzlebot/meshes
[0.840s] copying meshes/Right_Wheel.STL -> /home/paolo/ros2_ws/install/puzzlebot/share/puzzlebot/meshes
[0.840s] copying urdf/Puzzlebot.urdf -> /home/paolo/ros2_ws/install/puzzlebot/share/puzzlebot/urdf
[0.841s] running install_egg_info
[0.849s] removing '/home/paolo/ros2_ws/install/puzzlebot/lib/python3.10/site-packages/puzzlebot-0.0.0-py3.10.egg-info' (and everything under it)
[0.849s] Copying ../../build/puzzlebot/puzzlebot.egg-info to /home/paolo/ros2_ws/install/puzzlebot/lib/python3.10/site-packages/puzzlebot-0.0.0-py3.10.egg-info
[0.850s] running install_scripts
[0.930s] Installing gazebo_topics_renamer script to /home/paolo/ros2_ws/install/puzzlebot/lib/puzzlebot
[0.930s] Installing hard_switch_control script to /home/paolo/ros2_ws/install/puzzlebot/lib/puzzlebot
[0.930s] writing list of installed files to '/home/paolo/ros2_ws/build/puzzlebot/install.log'
[0.957s] Invoked command in '/home/paolo/ros2_ws/src/puzzlebot' returned '0': PYTHONPATH=/home/paolo/ros2_ws/build/puzzlebot/prefix_override:/home/paolo/ros2_ws/install/puzzlebot/lib/python3.10/site-packages:${PYTHONPATH} /usr/bin/python3 -W ignore:setup.py install is deprecated setup.py egg_info --egg-base ../../build/puzzlebot build --build-base /home/paolo/ros2_ws/build/puzzlebot/build install --record /home/paolo/ros2_ws/build/puzzlebot/install.log --single-version-externally-managed install_data
