running egg_info
writing ../../build/robot_vision/robot_vision.egg-info/PKG-INFO
writing dependency_links to ../../build/robot_vision/robot_vision.egg-info/dependency_links.txt
writing entry points to ../../build/robot_vision/robot_vision.egg-info/entry_points.txt
writing requirements to ../../build/robot_vision/robot_vision.egg-info/requires.txt
writing top-level names to ../../build/robot_vision/robot_vision.egg-info/top_level.txt
reading manifest file '../../build/robot_vision/robot_vision.egg-info/SOURCES.txt'
writing manifest file '../../build/robot_vision/robot_vision.egg-info/SOURCES.txt'
running build
running build_py
copying robot_vision/line_follower.py -> /home/paolo/ros2_ws/build/robot_vision/build/lib/robot_vision
copying robot_vision/__init__.py -> /home/paolo/ros2_ws/build/robot_vision/build/lib/robot_vision
copying robot_vision/line_follower_v3.py -> /home/paolo/ros2_ws/build/robot_vision/build/lib/robot_vision
copying robot_vision/line_follower_v2.py -> /home/paolo/ros2_ws/build/robot_vision/build/lib/robot_vision
copying robot_vision/submodules/line_class.py -> /home/paolo/ros2_ws/build/robot_vision/build/lib/robot_vision/submodules
copying robot_vision/submodules/__init__.py -> /home/paolo/ros2_ws/build/robot_vision/build/lib/robot_vision/submodules
copying robot_vision/submodules/functions.py -> /home/paolo/ros2_ws/build/robot_vision/build/lib/robot_vision/submodules
running install
running install_lib
running install_data
copying resource/robot_vision -> /home/paolo/ros2_ws/install/robot_vision/share/ament_index/resource_index/packages
copying package.xml -> /home/paolo/ros2_ws/install/robot_vision/share/robot_vision
running install_egg_info
removing '/home/paolo/ros2_ws/install/robot_vision/lib/python3.10/site-packages/robot_vision-0.0.0-py3.10.egg-info' (and everything under it)
Copying ../../build/robot_vision/robot_vision.egg-info to /home/paolo/ros2_ws/install/robot_vision/lib/python3.10/site-packages/robot_vision-0.0.0-py3.10.egg-info
running install_scripts
Installing line_follower script to /home/paolo/ros2_ws/install/robot_vision/lib/robot_vision
Installing line_follower_v2 script to /home/paolo/ros2_ws/install/robot_vision/lib/robot_vision
Installing line_follower_v3 script to /home/paolo/ros2_ws/install/robot_vision/lib/robot_vision
writing list of installed files to '/home/paolo/ros2_ws/build/robot_vision/install.log'
