/home/paolo/ros2_ws/install/puzzlebot/lib/python3.10/site-packages/puzzlebot/wheel_transforms_publisher.py
/home/paolo/ros2_ws/install/puzzlebot/lib/python3.10/site-packages/puzzlebot/__init__.py
/home/paolo/ros2_ws/install/puzzlebot/lib/python3.10/site-packages/puzzlebot/hard_switch_control.py
/home/paolo/ros2_ws/install/puzzlebot/lib/python3.10/site-packages/puzzlebot/submodules/__init__.py
/home/paolo/ros2_ws/install/puzzlebot/lib/python3.10/site-packages/puzzlebot/submodules/units_utils.py
/home/paolo/ros2_ws/install/puzzlebot/lib/python3.10/site-packages/puzzlebot/__pycache__/wheel_transforms_publisher.cpython-310.pyc
/home/paolo/ros2_ws/install/puzzlebot/lib/python3.10/site-packages/puzzlebot/__pycache__/__init__.cpython-310.pyc
/home/paolo/ros2_ws/install/puzzlebot/lib/python3.10/site-packages/puzzlebot/__pycache__/hard_switch_control.cpython-310.pyc
/home/paolo/ros2_ws/install/puzzlebot/lib/python3.10/site-packages/puzzlebot/submodules/__pycache__/__init__.cpython-310.pyc
/home/paolo/ros2_ws/install/puzzlebot/lib/python3.10/site-packages/puzzlebot/submodules/__pycache__/units_utils.cpython-310.pyc
/home/paolo/ros2_ws/install/puzzlebot/share/ament_index/resource_index/packages/puzzlebot
/home/paolo/ros2_ws/install/puzzlebot/share/puzzlebot/package.xml
/home/paolo/ros2_ws/install/puzzlebot/share/puzzlebot/launch/hard_switch_obstacle_avoidance_launch.py
/home/paolo/ros2_ws/install/puzzlebot/share/puzzlebot/config/wheel_transforms_publisher.yaml
/home/paolo/ros2_ws/install/puzzlebot/share/puzzlebot/config/autonomous_robot_constants.yaml
/home/paolo/ros2_ws/install/puzzlebot/share/puzzlebot/meshes/left_wheel.STL
/home/paolo/ros2_ws/install/puzzlebot/share/puzzlebot/meshes/crazy_wheel.STL
/home/paolo/ros2_ws/install/puzzlebot/share/puzzlebot/meshes/right_wheel.STL
/home/paolo/ros2_ws/install/puzzlebot/share/puzzlebot/meshes/base_link.STL
/home/paolo/ros2_ws/install/puzzlebot/share/puzzlebot/urdf/Puzzlebot.urdf
/home/paolo/ros2_ws/install/puzzlebot/lib/python3.10/site-packages/puzzlebot-0.0.0-py3.10.egg-info/dependency_links.txt
/home/paolo/ros2_ws/install/puzzlebot/lib/python3.10/site-packages/puzzlebot-0.0.0-py3.10.egg-info/top_level.txt
/home/paolo/ros2_ws/install/puzzlebot/lib/python3.10/site-packages/puzzlebot-0.0.0-py3.10.egg-info/entry_points.txt
/home/paolo/ros2_ws/install/puzzlebot/lib/python3.10/site-packages/puzzlebot-0.0.0-py3.10.egg-info/requires.txt
/home/paolo/ros2_ws/install/puzzlebot/lib/python3.10/site-packages/puzzlebot-0.0.0-py3.10.egg-info/PKG-INFO
/home/paolo/ros2_ws/install/puzzlebot/lib/python3.10/site-packages/puzzlebot-0.0.0-py3.10.egg-info/SOURCES.txt
/home/paolo/ros2_ws/install/puzzlebot/lib/python3.10/site-packages/puzzlebot-0.0.0-py3.10.egg-info/zip-safe
/home/paolo/ros2_ws/install/puzzlebot/lib/puzzlebot/gazebo_topics_renamer
/home/paolo/ros2_ws/install/puzzlebot/lib/puzzlebot/hard_switch_control
/home/paolo/ros2_ws/install/puzzlebot/lib/puzzlebot/wheel_transforms_publisher
