[0.625s] Invoking command in '/home/paolo/ros2_ws/src/line_follower': PYTHONPATH=/home/paolo/ros2_ws/build/line_follower/prefix_override:/home/paolo/ros2_ws/install/line_follower/lib/python3.10/site-packages:${PYTHONPATH} /usr/bin/python3 -W ignore:setup.py install is deprecated setup.py egg_info --egg-base ../../build/line_follower build --build-base /home/paolo/ros2_ws/build/line_follower/build install --record /home/paolo/ros2_ws/build/line_follower/install.log --single-version-externally-managed install_data
[0.751s] running egg_info
[0.758s] writing ../../build/line_follower/line_follower.egg-info/PKG-INFO
[0.758s] writing dependency_links to ../../build/line_follower/line_follower.egg-info/dependency_links.txt
[0.759s] writing entry points to ../../build/line_follower/line_follower.egg-info/entry_points.txt
[0.759s] writing requirements to ../../build/line_follower/line_follower.egg-info/requires.txt
[0.759s] writing top-level names to ../../build/line_follower/line_follower.egg-info/top_level.txt
[0.773s] reading manifest file '../../build/line_follower/line_follower.egg-info/SOURCES.txt'
[0.774s] writing manifest file '../../build/line_follower/line_follower.egg-info/SOURCES.txt'
[0.774s] running build
[0.775s] running build_py
[0.775s] copying line_follower/traffic_light_identification.py -> /home/paolo/ros2_ws/build/line_follower/build/lib/line_follower
[0.775s] copying line_follower/line_follower.py -> /home/paolo/ros2_ws/build/line_follower/build/lib/line_follower
[0.775s] running install
[0.778s] running install_lib
[0.786s] running install_data
[0.786s] copying launch/line_follower_launch.py -> /home/paolo/ros2_ws/install/line_follower/share/line_follower/launch
[0.786s] copying config/traffic_lights.yaml -> /home/paolo/ros2_ws/install/line_follower/share/line_follower/config
[0.786s] running install_egg_info
[0.795s] removing '/home/paolo/ros2_ws/install/line_follower/lib/python3.10/site-packages/line_follower-0.0.0-py3.10.egg-info' (and everything under it)
[0.796s] Copying ../../build/line_follower/line_follower.egg-info to /home/paolo/ros2_ws/install/line_follower/lib/python3.10/site-packages/line_follower-0.0.0-py3.10.egg-info
[0.796s] running install_scripts
[0.861s] Installing line_follower script to /home/paolo/ros2_ws/install/line_follower/lib/line_follower
[0.862s] Installing traffic_light_identification script to /home/paolo/ros2_ws/install/line_follower/lib/line_follower
[0.862s] writing list of installed files to '/home/paolo/ros2_ws/build/line_follower/install.log'
[0.885s] Invoked command in '/home/paolo/ros2_ws/src/line_follower' returned '0': PYTHONPATH=/home/paolo/ros2_ws/build/line_follower/prefix_override:/home/paolo/ros2_ws/install/line_follower/lib/python3.10/site-packages:${PYTHONPATH} /usr/bin/python3 -W ignore:setup.py install is deprecated setup.py egg_info --egg-base ../../build/line_follower build --build-base /home/paolo/ros2_ws/build/line_follower/build install --record /home/paolo/ros2_ws/build/line_follower/install.log --single-version-externally-managed install_data
