[2.671s] Invoking command in '/home/paolo/ros2_ws/src/line_follower': PYTHONPATH=/home/paolo/ros2_ws/build/line_follower/prefix_override:/home/paolo/ros2_ws/install/line_follower/lib/python3.10/site-packages:${PYTHONPATH} /usr/bin/python3 -W ignore:setup.py install is deprecated setup.py egg_info --egg-base ../../build/line_follower build --build-base /home/paolo/ros2_ws/build/line_follower/build install --record /home/paolo/ros2_ws/build/line_follower/install.log --single-version-externally-managed install_data
[2.901s] running egg_info
[2.913s] writing ../../build/line_follower/line_follower.egg-info/PKG-INFO
[2.914s] writing dependency_links to ../../build/line_follower/line_follower.egg-info/dependency_links.txt
[2.914s] writing entry points to ../../build/line_follower/line_follower.egg-info/entry_points.txt
[2.914s] writing requirements to ../../build/line_follower/line_follower.egg-info/requires.txt
[2.914s] writing top-level names to ../../build/line_follower/line_follower.egg-info/top_level.txt
[2.934s] reading manifest file '../../build/line_follower/line_follower.egg-info/SOURCES.txt'
[2.935s] writing manifest file '../../build/line_follower/line_follower.egg-info/SOURCES.txt'
[2.935s] running build
[2.935s] running build_py
[2.935s] copying line_follower/traffic_light_identification.py -> /home/paolo/ros2_ws/build/line_follower/build/lib/line_follower
[2.935s] copying line_follower/line_follower.py -> /home/paolo/ros2_ws/build/line_follower/build/lib/line_follower
[2.936s] running install
[2.942s] running install_lib
[2.954s] running install_data
[2.954s] copying launch/line_follower_launch.py -> /home/paolo/ros2_ws/install/line_follower/share/line_follower/launch
[2.954s] copying config/traffic_lights.yaml -> /home/paolo/ros2_ws/install/line_follower/share/line_follower/config
[2.954s] running install_egg_info
[2.969s] removing '/home/paolo/ros2_ws/install/line_follower/lib/python3.10/site-packages/line_follower-0.0.0-py3.10.egg-info' (and everything under it)
[2.969s] Copying ../../build/line_follower/line_follower.egg-info to /home/paolo/ros2_ws/install/line_follower/lib/python3.10/site-packages/line_follower-0.0.0-py3.10.egg-info
[2.970s] running install_scripts
[3.084s] Installing line_follower script to /home/paolo/ros2_ws/install/line_follower/lib/line_follower
[3.084s] Installing traffic_light_identification script to /home/paolo/ros2_ws/install/line_follower/lib/line_follower
[3.084s] writing list of installed files to '/home/paolo/ros2_ws/build/line_follower/install.log'
[3.170s] Invoked command in '/home/paolo/ros2_ws/src/line_follower' returned '0': PYTHONPATH=/home/paolo/ros2_ws/build/line_follower/prefix_override:/home/paolo/ros2_ws/install/line_follower/lib/python3.10/site-packages:${PYTHONPATH} /usr/bin/python3 -W ignore:setup.py install is deprecated setup.py egg_info --egg-base ../../build/line_follower build --build-base /home/paolo/ros2_ws/build/line_follower/build install --record /home/paolo/ros2_ws/build/line_follower/install.log --single-version-externally-managed install_data
