[0.671s] Invoking command in '/home/paolo/ros2_ws/src/line_follower': PYTHONPATH=/home/paolo/ros2_ws/build/line_follower/prefix_override:/home/paolo/ros2_ws/install/line_follower/lib/python3.10/site-packages:${PYTHONPATH} /usr/bin/python3 -W ignore:setup.py install is deprecated setup.py egg_info --egg-base ../../build/line_follower build --build-base /home/paolo/ros2_ws/build/line_follower/build install --record /home/paolo/ros2_ws/build/line_follower/install.log --single-version-externally-managed install_data
[0.806s] running egg_info
[0.814s] writing ../../build/line_follower/line_follower.egg-info/PKG-INFO
[0.814s] writing dependency_links to ../../build/line_follower/line_follower.egg-info/dependency_links.txt
[0.815s] writing entry points to ../../build/line_follower/line_follower.egg-info/entry_points.txt
[0.815s] writing requirements to ../../build/line_follower/line_follower.egg-info/requires.txt
[0.815s] writing top-level names to ../../build/line_follower/line_follower.egg-info/top_level.txt
[0.829s] reading manifest file '../../build/line_follower/line_follower.egg-info/SOURCES.txt'
[0.830s] writing manifest file '../../build/line_follower/line_follower.egg-info/SOURCES.txt'
[0.830s] running build
[0.830s] running build_py
[0.830s] copying line_follower/traffic_light_identification.py -> /home/paolo/ros2_ws/build/line_follower/build/lib/line_follower
[0.830s] copying line_follower/line_follower.py -> /home/paolo/ros2_ws/build/line_follower/build/lib/line_follower
[0.830s] running install
[0.834s] running install_lib
[0.841s] running install_data
[0.841s] copying launch/line_follower_launch.py -> /home/paolo/ros2_ws/install/line_follower/share/line_follower/launch
[0.841s] copying config/traffic_lights.yaml -> /home/paolo/ros2_ws/install/line_follower/share/line_follower/config
[0.841s] running install_egg_info
[0.849s] removing '/home/paolo/ros2_ws/install/line_follower/lib/python3.10/site-packages/line_follower-0.0.0-py3.10.egg-info' (and everything under it)
[0.850s] Copying ../../build/line_follower/line_follower.egg-info to /home/paolo/ros2_ws/install/line_follower/lib/python3.10/site-packages/line_follower-0.0.0-py3.10.egg-info
[0.850s] running install_scripts
[0.917s] Installing line_follower script to /home/paolo/ros2_ws/install/line_follower/lib/line_follower
[0.917s] Installing traffic_light_identification script to /home/paolo/ros2_ws/install/line_follower/lib/line_follower
[0.917s] writing list of installed files to '/home/paolo/ros2_ws/build/line_follower/install.log'
[0.935s] Invoked command in '/home/paolo/ros2_ws/src/line_follower' returned '0': PYTHONPATH=/home/paolo/ros2_ws/build/line_follower/prefix_override:/home/paolo/ros2_ws/install/line_follower/lib/python3.10/site-packages:${PYTHONPATH} /usr/bin/python3 -W ignore:setup.py install is deprecated setup.py egg_info --egg-base ../../build/line_follower build --build-base /home/paolo/ros2_ws/build/line_follower/build install --record /home/paolo/ros2_ws/build/line_follower/install.log --single-version-externally-managed install_data
